Starting job 17689742 on c1-13 at Wed Aug 16 00:55:39 CEST 2023

/cluster/projects/p805/software/anaconda3/envs/snipar_venv4/lib/python3.9/site-packages/snipar/pgs.py:552: DtypeWarning: Columns (0) have mixed types.Specify dtype option on import or set low_memory=False.
  alpha, alpha_cols = make_and_fit_model(y, pg, ['proband'], ibdrel_path=ibdrel_path, covariates=covariates, sparse_thresh=sparse_thresh)
/cluster/projects/p805/software/anaconda3/envs/snipar_venv4/lib/python3.9/site-packages/snipar/pgs.py:579: DtypeWarning: Columns (0) have mixed types.Specify dtype option on import or set low_memory=False.
  alpha, alpha_cols = make_and_fit_model(y, pg, pg_cols, ibdrel_path=ibdrel_path, covariates=covariates, sparse_thresh=sparse_thresh)
/cluster/projects/p805/software/anaconda3/envs/snipar_venv4/lib/python3.9/site-packages/snipar/pgs.py:607: DtypeWarning: Columns (0) have mixed types.Specify dtype option on import or set low_memory=False.
  alpha, alpha_cols = make_and_fit_model(y, pg, pg_cols, ibdrel_path=ibdrel_path, covariates=covariates, sparse_thresh=sparse_thresh)
Reading PGS from height_yengo_2022.pgs.txt
Fitting PGS for /cluster/projects/p805/snipar_pgs/data/pheno/five_ch_phenos_snipar.txt
Number of non-missing phenotype observations: 27236
Number of non-missing phenotype observations: 27236
Sample size of individuals with complete phenotype and PGS observations: 25840
Estimating population effect (1 generation model)
Fitting 1 generation model (proband only)
Sample size: 25840
Variance components: [0.7499739288849783, 1e-05, 0.10257613425028572]
Saving effect estimates to EA4_3gen_res/height_yengo_2022_2.1.effects.txt
Saving sampling variance-covariance matrix to EA4_3gen_res/height_yengo_2022_2.1.vcov.txt
Estimating direct effect and parental NTCs (2 generation model)
Fitting 2 generation model (proband and observed/imputed parents)
Sample size: 25840
Variance components: [0.7500872821403145, 1e-05, 0.10211594963723658]
Saving effect estimates to EA4_3gen_res/height_yengo_2022_2.2.effects.txt
Saving sampling variance-covariance matrix to EA4_3gen_res/height_yengo_2022_2.2.vcov.txt
Estimating direct effect and parental IGEs and grandparental coefficients (3 generation model)
Fitting 3 generation model: observed proband and observed parents, and observed/imputed grandparents
Sample size: 25840
Variance components: [0.7502857947619934, 1e-05, 0.10196908662373096]
Saving effect estimates to EA4_3gen_res/height_yengo_2022_2.3.effects.txt
Saving sampling variance-covariance matrix to EA4_3gen_res/height_yengo_2022_2.3.vcov.txt

Task and CPU usage stats:
JobID           JobName  AllocCPUS   NTasks     MinCPU MinCPUTask     AveCPU    Elapsed ExitCode 
------------ ---------- ---------- -------- ---------- ---------- ---------- ---------- -------- 
17689742     height_ye+         15                                             02:30:26      0:0 
17689742.ba+      batch         15        1   02:30:20          0   02:30:20   02:30:26      0:0 
17689742.ex+     extern         15        1   00:00:00          0   00:00:00   02:30:26      0:0 

Memory usage stats:
JobID            MaxRSS MaxRSSTask     AveRSS MaxPages   MaxPagesTask   AvePages 
------------ ---------- ---------- ---------- -------- -------------- ---------- 
17689742                                                                         
17689742.ba+ 405771716K          0 405771716K        0              0          0 
17689742.ex+          0          0          0        0              0          0 

Disk usage stats:
JobID         MaxDiskRead MaxDiskReadTask    AveDiskRead MaxDiskWrite MaxDiskWriteTask   AveDiskWrite 
------------ ------------ --------------- -------------- ------------ ---------------- -------------- 
17689742                                                                                              
17689742.ba+       11.40M               0         11.40M        0.00M                0          0.00M 
17689742.ex+        0.00M               0          0.00M            0                0              0 

Job 17689742 completed at Wed Aug 16 03:26:05 CEST 2023
