Starting job 17943856 on c2-21 at Fri Sep 1 03:09:40 CEST 2023

/cluster/projects/p805/software/anaconda3/envs/snipar_venv4/lib/python3.9/site-packages/snipar/pgs.py:552: DtypeWarning: Columns (0) have mixed types.Specify dtype option on import or set low_memory=False.
  alpha, alpha_cols = make_and_fit_model(y, pg, ['proband'], ibdrel_path=ibdrel_path, covariates=covariates, sparse_thresh=sparse_thresh)
/cluster/projects/p805/software/anaconda3/envs/snipar_venv4/lib/python3.9/site-packages/snipar/pgs.py:579: DtypeWarning: Columns (0) have mixed types.Specify dtype option on import or set low_memory=False.
  alpha, alpha_cols = make_and_fit_model(y, pg, pg_cols, ibdrel_path=ibdrel_path, covariates=covariates, sparse_thresh=sparse_thresh)
/cluster/projects/p805/software/anaconda3/envs/snipar_venv4/lib/python3.9/site-packages/snipar/pgs.py:607: DtypeWarning: Columns (0) have mixed types.Specify dtype option on import or set low_memory=False.
  alpha, alpha_cols = make_and_fit_model(y, pg, pg_cols, ibdrel_path=ibdrel_path, covariates=covariates, sparse_thresh=sparse_thresh)
Reading PGS from EA4.pgs.txt
Fitting PGS for /cluster/projects/p805/snipar_pgs/data/pheno/five_ch_phenos_snipar.txt
Number of non-missing phenotype observations: 31510
Number of non-missing phenotype observations: 31510
Restricting to individuals with both parents genotyped
Sample size of individuals with complete phenotype and PGS observations: 18889
Estimating population effect (1 generation model)
Fitting 1 generation model (proband only)
Sample size: 18889
Variance components: [0.09084356813063268, 0.2554900133402592, 0.6545848790975163]
Saving effect estimates to EA4_3gen_res/EA4_5.1.effects.txt
Saving sampling variance-covariance matrix to EA4_3gen_res/EA4_5.1.vcov.txt
Estimating direct effect and parental NTCs (2 generation model)
Fitting 2 generation model (proband and observed/imputed parents)
Sample size: 18889
Variance components: [0.09151885329587778, 0.2548032201534065, 0.6545356883895916]
Saving effect estimates to EA4_3gen_res/EA4_5.2.effects.txt
Saving sampling variance-covariance matrix to EA4_3gen_res/EA4_5.2.vcov.txt
Estimating direct effect and parental IGEs and grandparental coefficients (3 generation model)
Fitting 3 generation model: observed proband and observed parents, and observed/imputed grandparents
Sample size: 18889
Variance components: [0.09068695251666813, 0.25489777137873965, 0.6550852232479469]
Saving effect estimates to EA4_3gen_res/EA4_5.3.effects.txt
Saving sampling variance-covariance matrix to EA4_3gen_res/EA4_5.3.vcov.txt

Task and CPU usage stats:
JobID           JobName  AllocCPUS   NTasks     MinCPU MinCPUTask     AveCPU    Elapsed ExitCode 
------------ ---------- ---------- -------- ---------- ---------- ---------- ---------- -------- 
17943856          EA4_5         15                                             01:52:18      0:0 
17943856.ba+      batch         15        1   01:46:39          0   01:46:39   01:52:18      0:0 
17943856.ex+     extern         15        1   00:00:00          0   00:00:00   01:52:18      0:0 

Memory usage stats:
JobID            MaxRSS MaxRSSTask     AveRSS MaxPages   MaxPagesTask   AvePages 
------------ ---------- ---------- ---------- -------- -------------- ---------- 
17943856                                                                         
17943856.ba+ 405777992K          0 405777992K        0              0          0 
17943856.ex+          0          0          0        0              0          0 

Disk usage stats:
JobID         MaxDiskRead MaxDiskReadTask    AveDiskRead MaxDiskWrite MaxDiskWriteTask   AveDiskWrite 
------------ ------------ --------------- -------------- ------------ ---------------- -------------- 
17943856                                                                                              
17943856.ba+       11.40M               0         11.40M        0.00M                0          0.00M 
17943856.ex+        0.00M               0          0.00M            0                0              0 

Job 17943856 completed at Fri Sep 1 05:01:58 CEST 2023
