Starting job 17689748 on c1-14 at Wed Aug 16 01:16:49 CEST 2023

/cluster/projects/p805/software/anaconda3/envs/snipar_venv4/lib/python3.9/site-packages/snipar/pgs.py:552: DtypeWarning: Columns (0) have mixed types.Specify dtype option on import or set low_memory=False.
  alpha, alpha_cols = make_and_fit_model(y, pg, ['proband'], ibdrel_path=ibdrel_path, covariates=covariates, sparse_thresh=sparse_thresh)
/cluster/projects/p805/software/anaconda3/envs/snipar_venv4/lib/python3.9/site-packages/snipar/pgs.py:579: DtypeWarning: Columns (0) have mixed types.Specify dtype option on import or set low_memory=False.
  alpha, alpha_cols = make_and_fit_model(y, pg, pg_cols, ibdrel_path=ibdrel_path, covariates=covariates, sparse_thresh=sparse_thresh)
/cluster/projects/p805/software/anaconda3/envs/snipar_venv4/lib/python3.9/site-packages/snipar/pgs.py:607: DtypeWarning: Columns (0) have mixed types.Specify dtype option on import or set low_memory=False.
  alpha, alpha_cols = make_and_fit_model(y, pg, pg_cols, ibdrel_path=ibdrel_path, covariates=covariates, sparse_thresh=sparse_thresh)
Reading PGS from BMI_WOOD_UKB_2018.pgs.txt
Fitting PGS for /cluster/projects/p805/snipar_pgs/data/pheno/five_ch_phenos_snipar.txt
Number of non-missing phenotype observations: 25636
Number of non-missing phenotype observations: 25636
Sample size of individuals with complete phenotype and PGS observations: 24313
Estimating population effect (1 generation model)
Fitting 1 generation model (proband only)
Sample size: 24313
Variance components: [0.615400403478116, 1e-05, 0.38678667716055454]
Saving effect estimates to EA4_3gen_res/BMI_WOOD_UKB_2018_3.1.effects.txt
Saving sampling variance-covariance matrix to EA4_3gen_res/BMI_WOOD_UKB_2018_3.1.vcov.txt
Estimating direct effect and parental NTCs (2 generation model)
Fitting 2 generation model (proband and observed/imputed parents)
Sample size: 24313
Variance components: [0.6152895438881106, 1e-05, 0.3867768578180855]
Saving effect estimates to EA4_3gen_res/BMI_WOOD_UKB_2018_3.2.effects.txt
Saving sampling variance-covariance matrix to EA4_3gen_res/BMI_WOOD_UKB_2018_3.2.vcov.txt
Estimating direct effect and parental IGEs and grandparental coefficients (3 generation model)
Fitting 3 generation model: observed proband and observed parents, and observed/imputed grandparents
Sample size: 24313
Variance components: [0.6150488182675931, 1e-05, 0.38700035414568257]
Saving effect estimates to EA4_3gen_res/BMI_WOOD_UKB_2018_3.3.effects.txt
Saving sampling variance-covariance matrix to EA4_3gen_res/BMI_WOOD_UKB_2018_3.3.vcov.txt

Task and CPU usage stats:
JobID           JobName  AllocCPUS   NTasks     MinCPU MinCPUTask     AveCPU    Elapsed ExitCode 
------------ ---------- ---------- -------- ---------- ---------- ---------- ---------- -------- 
17689748     BMI_WOOD_+         15                                             02:38:58      0:0 
17689748.ba+      batch         15        1   02:38:30          0   02:38:30   02:38:58      0:0 
17689748.ex+     extern         15        1   00:00:00          0   00:00:00   02:38:58      0:0 

Memory usage stats:
JobID            MaxRSS MaxRSSTask     AveRSS MaxPages   MaxPagesTask   AvePages 
------------ ---------- ---------- ---------- -------- -------------- ---------- 
17689748                                                                         
17689748.ba+ 405782656K          0 405782656K        0              0          0 
17689748.ex+          0          0          0        0              0          0 

Disk usage stats:
JobID         MaxDiskRead MaxDiskReadTask    AveDiskRead MaxDiskWrite MaxDiskWriteTask   AveDiskWrite 
------------ ------------ --------------- -------------- ------------ ---------------- -------------- 
17689748                                                                                              
17689748.ba+       11.40M               0         11.40M        0.00M                0          0.00M 
17689748.ex+        0.00M               0          0.00M            0                0              0 

Job 17689748 completed at Wed Aug 16 03:55:47 CEST 2023
