Starting job 17994653 on c2-22 at Tue Sep 5 09:08:01 CEST 2023

/cluster/projects/p805/software/anaconda3/envs/snipar_venv4/lib/python3.9/site-packages/snipar/pgs.py:552: DtypeWarning: Columns (0) have mixed types.Specify dtype option on import or set low_memory=False.
  alpha, alpha_cols = make_and_fit_model(y, pg, ['proband'], ibdrel_path=ibdrel_path, covariates=covariates, sparse_thresh=sparse_thresh)
/cluster/projects/p805/software/anaconda3/envs/snipar_venv4/lib/python3.9/site-packages/snipar/pgs.py:579: DtypeWarning: Columns (0) have mixed types.Specify dtype option on import or set low_memory=False.
  alpha, alpha_cols = make_and_fit_model(y, pg, pg_cols, ibdrel_path=ibdrel_path, covariates=covariates, sparse_thresh=sparse_thresh)
/cluster/projects/p805/software/anaconda3/envs/snipar_venv4/lib/python3.9/site-packages/snipar/pgs.py:607: DtypeWarning: Columns (0) have mixed types.Specify dtype option on import or set low_memory=False.
  alpha, alpha_cols = make_and_fit_model(y, pg, pg_cols, ibdrel_path=ibdrel_path, covariates=covariates, sparse_thresh=sparse_thresh)
Reading PGS from PGC_UKB_depresssion.pgs.txt
Fitting PGS for /cluster/projects/p805/snipar_pgs/data/pheno/five_ch_phenos_snipar.txt
Number of non-missing phenotype observations: 31544
Number of non-missing phenotype observations: 31544
Restricting to individuals with both parents genotyped
Sample size of individuals with complete phenotype and PGS observations: 18901
Estimating population effect (1 generation model)
Fitting 1 generation model (proband only)
Sample size: 18901
Variance components: [0.5035220330659608, 0.07289766717468142, 0.42534280776783145]
Saving effect estimates to EA4_3gen_res/PGC_UKB_depresssion_4.1.effects.txt
Saving sampling variance-covariance matrix to EA4_3gen_res/PGC_UKB_depresssion_4.1.vcov.txt
Estimating direct effect and parental NTCs (2 generation model)
Fitting 2 generation model (proband and observed/imputed parents)
Sample size: 18901
Variance components: [0.5033051963606711, 0.07324792598277521, 0.4252520760795504]
Saving effect estimates to EA4_3gen_res/PGC_UKB_depresssion_4.2.effects.txt
Saving sampling variance-covariance matrix to EA4_3gen_res/PGC_UKB_depresssion_4.2.vcov.txt
Estimating direct effect and parental IGEs and grandparental coefficients (3 generation model)
Fitting 3 generation model: observed proband and observed parents, and observed/imputed grandparents
Sample size: 18901
Variance components: [0.5020984710390107, 0.07392273046556655, 0.4256222313199845]
Saving effect estimates to EA4_3gen_res/PGC_UKB_depresssion_4.3.effects.txt
Saving sampling variance-covariance matrix to EA4_3gen_res/PGC_UKB_depresssion_4.3.vcov.txt

Task and CPU usage stats:
JobID           JobName  AllocCPUS   NTasks     MinCPU MinCPUTask     AveCPU    Elapsed ExitCode 
------------ ---------- ---------- -------- ---------- ---------- ---------- ---------- -------- 
17994653     PGC_UKB_d+         15                                             01:47:12      0:0 
17994653.ba+      batch         15        1   01:46:34          0   01:46:34   01:47:12      0:0 
17994653.ex+     extern         15        1   00:00:00          0   00:00:00   01:47:12      0:0 

Memory usage stats:
JobID            MaxRSS MaxRSSTask     AveRSS MaxPages   MaxPagesTask   AvePages 
------------ ---------- ---------- ---------- -------- -------------- ---------- 
17994653                                                                         
17994653.ba+ 405762848K          0 405762848K        0              0          0 
17994653.ex+          0          0          0        0              0          0 

Disk usage stats:
JobID         MaxDiskRead MaxDiskReadTask    AveDiskRead MaxDiskWrite MaxDiskWriteTask   AveDiskWrite 
------------ ------------ --------------- -------------- ------------ ---------------- -------------- 
17994653                                                                                              
17994653.ba+       11.70M               0         11.70M        0.02M                0          0.02M 
17994653.ex+        0.00M               0          0.00M            0                0              0 

Job 17994653 completed at Tue Sep 5 10:55:12 CEST 2023
