Starting job 17690247 on c1-15 at Wed Aug 16 12:40:24 CEST 2023

/cluster/projects/p805/software/anaconda3/envs/snipar_venv4/lib/python3.9/site-packages/snipar/pgs.py:607: DtypeWarning: Columns (0) have mixed types.Specify dtype option on import or set low_memory=False.
  alpha, alpha_cols = make_and_fit_model(y, pg, pg_cols, ibdrel_path=ibdrel_path, covariates=covariates, sparse_thresh=sparse_thresh)
Reading PGS from ADHD_Demontis_2023.pgs.txt
Fitting PGS for /cluster/projects/p805/snipar_pgs/data/pheno/five_ch_phenos_snipar.txt
Number of non-missing phenotype observations: 68014
Number of non-missing phenotype observations: 68014
Sample size of individuals with complete phenotype and PGS observations: 64511
Estimating direct effect and parental IGEs and grandparental coefficients (3 generation model)
Fitting 3 generation model: observed proband and observed parents, and observed/imputed grandparents
Sample size: 64511
Variance components: [0.7703687889494432, 1e-05, 0.23047525528738488]
Saving effect estimates to EA4_3gen_res/ADHD_Demontis_2023_1.3.effects.txt
Saving sampling variance-covariance matrix to EA4_3gen_res/ADHD_Demontis_2023_1.3.vcov.txt

Task and CPU usage stats:
JobID           JobName  AllocCPUS   NTasks     MinCPU MinCPUTask     AveCPU    Elapsed ExitCode 
------------ ---------- ---------- -------- ---------- ---------- ---------- ---------- -------- 
17690247     ADHD_Demo+         15                                             02:01:02      0:0 
17690247.ba+      batch         15        1   17:45:22          0   17:45:22   02:01:02      0:0 
17690247.ex+     extern         15        1   00:00:00          0   00:00:00   02:01:02      0:0 

Memory usage stats:
JobID            MaxRSS MaxRSSTask     AveRSS MaxPages   MaxPagesTask   AvePages 
------------ ---------- ---------- ---------- -------- -------------- ---------- 
17690247                                                                         
17690247.ba+ 405801272K          0 405801272K        0              0          0 
17690247.ex+          0          0          0        0              0          0 

Disk usage stats:
JobID         MaxDiskRead MaxDiskReadTask    AveDiskRead MaxDiskWrite MaxDiskWriteTask   AveDiskWrite 
------------ ------------ --------------- -------------- ------------ ---------------- -------------- 
17690247                                                                                              
17690247.ba+       11.70M               0         11.70M        0.02M                0          0.02M 
17690247.ex+        0.00M               0          0.00M            0                0              0 

Job 17690247 completed at Wed Aug 16 14:41:25 CEST 2023
