Starting job 17689750 on c2-22 at Wed Aug 16 02:49:39 CEST 2023

/cluster/projects/p805/software/anaconda3/envs/snipar_venv4/lib/python3.9/site-packages/snipar/pgs.py:552: DtypeWarning: Columns (0) have mixed types.Specify dtype option on import or set low_memory=False.
  alpha, alpha_cols = make_and_fit_model(y, pg, ['proband'], ibdrel_path=ibdrel_path, covariates=covariates, sparse_thresh=sparse_thresh)
/cluster/projects/p805/software/anaconda3/envs/snipar_venv4/lib/python3.9/site-packages/snipar/pgs.py:579: DtypeWarning: Columns (0) have mixed types.Specify dtype option on import or set low_memory=False.
  alpha, alpha_cols = make_and_fit_model(y, pg, pg_cols, ibdrel_path=ibdrel_path, covariates=covariates, sparse_thresh=sparse_thresh)
/cluster/projects/p805/software/anaconda3/envs/snipar_venv4/lib/python3.9/site-packages/snipar/pgs.py:607: DtypeWarning: Columns (0) have mixed types.Specify dtype option on import or set low_memory=False.
  alpha, alpha_cols = make_and_fit_model(y, pg, pg_cols, ibdrel_path=ibdrel_path, covariates=covariates, sparse_thresh=sparse_thresh)
Reading PGS from BMI_WOOD_UKB_2018.pgs.txt
Fitting PGS for /cluster/projects/p805/snipar_pgs/data/pheno/five_ch_phenos_snipar.txt
Number of non-missing phenotype observations: 31510
Number of non-missing phenotype observations: 31510
Sample size of individuals with complete phenotype and PGS observations: 29885
Estimating population effect (1 generation model)
Fitting 1 generation model (proband only)
Sample size: 29885
Variance components: [0.18277940408331703, 0.21669969279092663, 0.6029351267913945]
Saving effect estimates to EA4_3gen_res/BMI_WOOD_UKB_2018_5.1.effects.txt
Saving sampling variance-covariance matrix to EA4_3gen_res/BMI_WOOD_UKB_2018_5.1.vcov.txt
Estimating direct effect and parental NTCs (2 generation model)
Fitting 2 generation model (proband and observed/imputed parents)
Sample size: 29885
Variance components: [0.18130723064855886, 0.21806415970540505, 0.6029604028278555]
Saving effect estimates to EA4_3gen_res/BMI_WOOD_UKB_2018_5.2.effects.txt
Saving sampling variance-covariance matrix to EA4_3gen_res/BMI_WOOD_UKB_2018_5.2.vcov.txt
Estimating direct effect and parental IGEs and grandparental coefficients (3 generation model)
Fitting 3 generation model: observed proband and observed parents, and observed/imputed grandparents
Sample size: 29885
Variance components: [0.18114483525932595, 0.2182382128370718, 0.6029684688394863]
Saving effect estimates to EA4_3gen_res/BMI_WOOD_UKB_2018_5.3.effects.txt
Saving sampling variance-covariance matrix to EA4_3gen_res/BMI_WOOD_UKB_2018_5.3.vcov.txt

Task and CPU usage stats:
JobID           JobName  AllocCPUS   NTasks     MinCPU MinCPUTask     AveCPU    Elapsed ExitCode 
------------ ---------- ---------- -------- ---------- ---------- ---------- ---------- -------- 
17689750     BMI_WOOD_+         15                                             01:42:40      0:0 
17689750.ba+      batch         15        1   01:42:58          0   01:42:58   01:42:40      0:0 
17689750.ex+     extern         15        1   00:00:00          0   00:00:00   01:42:40      0:0 

Memory usage stats:
JobID            MaxRSS MaxRSSTask     AveRSS MaxPages   MaxPagesTask   AvePages 
------------ ---------- ---------- ---------- -------- -------------- ---------- 
17689750                                                                         
17689750.ba+ 405765596K          0 405765596K        0              0          0 
17689750.ex+          0          0          0        0              0          0 

Disk usage stats:
JobID         MaxDiskRead MaxDiskReadTask    AveDiskRead MaxDiskWrite MaxDiskWriteTask   AveDiskWrite 
------------ ------------ --------------- -------------- ------------ ---------------- -------------- 
17689750                                                                                              
17689750.ba+       11.40M               0         11.40M        0.00M                0          0.00M 
17689750.ex+        0.00M               0          0.00M            0                0              0 

Job 17689750 completed at Wed Aug 16 04:32:20 CEST 2023
