Starting job 17943853 on c1-13 at Thu Aug 31 23:08:36 CEST 2023

/cluster/projects/p805/software/anaconda3/envs/snipar_venv4/lib/python3.9/site-packages/snipar/pgs.py:552: DtypeWarning: Columns (0) have mixed types.Specify dtype option on import or set low_memory=False.
  alpha, alpha_cols = make_and_fit_model(y, pg, ['proband'], ibdrel_path=ibdrel_path, covariates=covariates, sparse_thresh=sparse_thresh)
/cluster/projects/p805/software/anaconda3/envs/snipar_venv4/lib/python3.9/site-packages/snipar/pgs.py:579: DtypeWarning: Columns (0) have mixed types.Specify dtype option on import or set low_memory=False.
  alpha, alpha_cols = make_and_fit_model(y, pg, pg_cols, ibdrel_path=ibdrel_path, covariates=covariates, sparse_thresh=sparse_thresh)
/cluster/projects/p805/software/anaconda3/envs/snipar_venv4/lib/python3.9/site-packages/snipar/pgs.py:607: DtypeWarning: Columns (0) have mixed types.Specify dtype option on import or set low_memory=False.
  alpha, alpha_cols = make_and_fit_model(y, pg, pg_cols, ibdrel_path=ibdrel_path, covariates=covariates, sparse_thresh=sparse_thresh)
Reading PGS from EA4.pgs.txt
Fitting PGS for /cluster/projects/p805/snipar_pgs/data/pheno/five_ch_phenos_snipar.txt
Number of non-missing phenotype observations: 27236
Number of non-missing phenotype observations: 27236
Restricting to individuals with both parents genotyped
Sample size of individuals with complete phenotype and PGS observations: 16307
Estimating population effect (1 generation model)
Fitting 1 generation model (proband only)
Sample size: 16307
Variance components: [0.9373025492514431, 1e-05, 0.06922184147672518]
Saving effect estimates to EA4_3gen_res/EA4_2.1.effects.txt
Saving sampling variance-covariance matrix to EA4_3gen_res/EA4_2.1.vcov.txt
Estimating direct effect and parental NTCs (2 generation model)
Fitting 2 generation model (proband and observed/imputed parents)
Sample size: 16307
Variance components: [0.9372207768469635, 1e-05, 0.069181630381411]
Saving effect estimates to EA4_3gen_res/EA4_2.2.effects.txt
Saving sampling variance-covariance matrix to EA4_3gen_res/EA4_2.2.vcov.txt
Estimating direct effect and parental IGEs and grandparental coefficients (3 generation model)
Fitting 3 generation model: observed proband and observed parents, and observed/imputed grandparents
Sample size: 16307
Variance components: [0.9374196933214975, 1e-05, 0.06911254924825619]
Saving effect estimates to EA4_3gen_res/EA4_2.3.effects.txt
Saving sampling variance-covariance matrix to EA4_3gen_res/EA4_2.3.vcov.txt

Task and CPU usage stats:
JobID           JobName  AllocCPUS   NTasks     MinCPU MinCPUTask     AveCPU    Elapsed ExitCode 
------------ ---------- ---------- -------- ---------- ---------- ---------- ---------- -------- 
17943853          EA4_2         15                                             02:34:29      0:0 
17943853.ba+      batch         15        1   02:31:35          0   02:31:35   02:34:29      0:0 
17943853.ex+     extern         15        1   00:00:00          0   00:00:00   02:34:29      0:0 

Memory usage stats:
JobID            MaxRSS MaxRSSTask     AveRSS MaxPages   MaxPagesTask   AvePages 
------------ ---------- ---------- ---------- -------- -------------- ---------- 
17943853                                                                         
17943853.ba+ 405760200K          0 405760200K        0              0          0 
17943853.ex+          0          0          0        0              0          0 

Disk usage stats:
JobID         MaxDiskRead MaxDiskReadTask    AveDiskRead MaxDiskWrite MaxDiskWriteTask   AveDiskWrite 
------------ ------------ --------------- -------------- ------------ ---------------- -------------- 
17943853                                                                                              
17943853.ba+       11.40M               0         11.40M        0.00M                0          0.00M 
17943853.ex+        0.00M               0          0.00M            0                0              0 

Job 17943853 completed at Fri Sep 1 01:43:05 CEST 2023
