Starting job 17943862 on c1-15 at Fri Sep 1 06:15:04 CEST 2023

/cluster/projects/p805/software/anaconda3/envs/snipar_venv4/lib/python3.9/site-packages/snipar/pgs.py:552: DtypeWarning: Columns (0) have mixed types.Specify dtype option on import or set low_memory=False.
  alpha, alpha_cols = make_and_fit_model(y, pg, ['proband'], ibdrel_path=ibdrel_path, covariates=covariates, sparse_thresh=sparse_thresh)
/cluster/projects/p805/software/anaconda3/envs/snipar_venv4/lib/python3.9/site-packages/snipar/pgs.py:579: DtypeWarning: Columns (0) have mixed types.Specify dtype option on import or set low_memory=False.
  alpha, alpha_cols = make_and_fit_model(y, pg, pg_cols, ibdrel_path=ibdrel_path, covariates=covariates, sparse_thresh=sparse_thresh)
/cluster/projects/p805/software/anaconda3/envs/snipar_venv4/lib/python3.9/site-packages/snipar/pgs.py:607: DtypeWarning: Columns (0) have mixed types.Specify dtype option on import or set low_memory=False.
  alpha, alpha_cols = make_and_fit_model(y, pg, pg_cols, ibdrel_path=ibdrel_path, covariates=covariates, sparse_thresh=sparse_thresh)
Reading PGS from ADHD_Demontis_2023.pgs.txt
Fitting PGS for /cluster/projects/p805/snipar_pgs/data/pheno/five_ch_phenos_snipar.txt
Number of non-missing phenotype observations: 68014
Number of non-missing phenotype observations: 68014
Restricting to individuals with both parents genotyped
Sample size of individuals with complete phenotype and PGS observations: 39837
Estimating population effect (1 generation model)
Fitting 1 generation model (proband only)
Sample size: 39837
Variance components: [0.7999222034721117, 1e-05, 0.20129786600592206]
Saving effect estimates to EA4_3gen_res/ADHD_Demontis_2023_1.1.effects.txt
Saving sampling variance-covariance matrix to EA4_3gen_res/ADHD_Demontis_2023_1.1.vcov.txt
Estimating direct effect and parental NTCs (2 generation model)
Fitting 2 generation model (proband and observed/imputed parents)
Sample size: 39837
Variance components: [0.7999584665308098, 1e-05, 0.20123748541461878]
Saving effect estimates to EA4_3gen_res/ADHD_Demontis_2023_1.2.effects.txt
Saving sampling variance-covariance matrix to EA4_3gen_res/ADHD_Demontis_2023_1.2.vcov.txt
Estimating direct effect and parental IGEs and grandparental coefficients (3 generation model)
Fitting 3 generation model: observed proband and observed parents, and observed/imputed grandparents
Sample size: 39837
Variance components: [0.7999843334904155, 1e-05, 0.20119986989933109]
Saving effect estimates to EA4_3gen_res/ADHD_Demontis_2023_1.3.effects.txt
Saving sampling variance-covariance matrix to EA4_3gen_res/ADHD_Demontis_2023_1.3.vcov.txt

Task and CPU usage stats:
JobID           JobName  AllocCPUS   NTasks     MinCPU MinCPUTask     AveCPU    Elapsed ExitCode 
------------ ---------- ---------- -------- ---------- ---------- ---------- ---------- -------- 
17943862     ADHD_Demo+         15                                             02:35:53      0:0 
17943862.ba+      batch         15        1   02:34:59          0   02:34:59   02:35:53      0:0 
17943862.ex+     extern         15        1   00:00:00          0   00:00:00   02:35:53      0:0 

Memory usage stats:
JobID            MaxRSS MaxRSSTask     AveRSS MaxPages   MaxPagesTask   AvePages 
------------ ---------- ---------- ---------- -------- -------------- ---------- 
17943862                                                                         
17943862.ba+ 406534596K          0 406534596K        0              0          0 
17943862.ex+          0          0          0        0              0          0 

Disk usage stats:
JobID         MaxDiskRead MaxDiskReadTask    AveDiskRead MaxDiskWrite MaxDiskWriteTask   AveDiskWrite 
------------ ------------ --------------- -------------- ------------ ---------------- -------------- 
17943862                                                                                              
17943862.ba+       11.40M               0         11.40M        0.00M                0          0.00M 
17943862.ex+        0.00M               0          0.00M            0                0              0 

Job 17943862 completed at Fri Sep 1 08:50:57 CEST 2023
