Starting job 17689746 on c2-21 at Wed Aug 16 01:11:08 CEST 2023

/cluster/projects/p805/software/anaconda3/envs/snipar_venv4/lib/python3.9/site-packages/snipar/pgs.py:552: DtypeWarning: Columns (0) have mixed types.Specify dtype option on import or set low_memory=False.
  alpha, alpha_cols = make_and_fit_model(y, pg, ['proband'], ibdrel_path=ibdrel_path, covariates=covariates, sparse_thresh=sparse_thresh)
/cluster/projects/p805/software/anaconda3/envs/snipar_venv4/lib/python3.9/site-packages/snipar/pgs.py:579: DtypeWarning: Columns (0) have mixed types.Specify dtype option on import or set low_memory=False.
  alpha, alpha_cols = make_and_fit_model(y, pg, pg_cols, ibdrel_path=ibdrel_path, covariates=covariates, sparse_thresh=sparse_thresh)
/cluster/projects/p805/software/anaconda3/envs/snipar_venv4/lib/python3.9/site-packages/snipar/pgs.py:607: DtypeWarning: Columns (0) have mixed types.Specify dtype option on import or set low_memory=False.
  alpha, alpha_cols = make_and_fit_model(y, pg, pg_cols, ibdrel_path=ibdrel_path, covariates=covariates, sparse_thresh=sparse_thresh)
/var/spool/slurmd/job17689746/slurm_script: line 23: 46887 Bus error               (core dumped) pgs.py EA4_3gen_res/BMI_WOOD_UKB_2018_1 --pgs BMI_WOOD_UKB_2018.pgs.txt --phenofile /cluster/projects/p805/snipar_pgs/data/pheno/five_ch_phenos_snipar.txt --phen_index 1 --gen_models 1-3 --scale_pgs --scale_phen --ibdrel_path grm/MoBaPsychGen_500k --sparse_thresh 0.05 --gparsum

Task and CPU usage stats:
JobID           JobName  AllocCPUS   NTasks     MinCPU MinCPUTask     AveCPU    Elapsed ExitCode 
------------ ---------- ---------- -------- ---------- ---------- ---------- ---------- -------- 
17689746     BMI_WOOD_+         15                                             02:54:27      7:0 
17689746.ba+      batch         15        1   19:31:40          0   19:31:40   02:54:27      7:0 
17689746.ex+     extern         15        1   00:00:00          0   00:00:00   02:54:27      0:0 

Memory usage stats:
JobID            MaxRSS MaxRSSTask     AveRSS MaxPages   MaxPagesTask   AvePages 
------------ ---------- ---------- ---------- -------- -------------- ---------- 
17689746                                                                         
17689746.ba+ 471859180K          0 471859180K        0              0          0 
17689746.ex+          0          0          0        0              0          0 

Disk usage stats:
JobID         MaxDiskRead MaxDiskReadTask    AveDiskRead MaxDiskWrite MaxDiskWriteTask   AveDiskWrite 
------------ ------------ --------------- -------------- ------------ ---------------- -------------- 
17689746                                                                                              
17689746.ba+       11.40M               0         11.40M        0.00M                0          0.00M 
17689746.ex+        0.00M               0          0.00M            0                0              0 

Job 17689746 completed at Wed Aug 16 04:05:35 CEST 2023
