Starting job 17689757 on c2-20 at Wed Aug 16 04:31:53 CEST 2023

/cluster/projects/p805/software/anaconda3/envs/snipar_venv4/lib/python3.9/site-packages/snipar/pgs.py:552: DtypeWarning: Columns (0) have mixed types.Specify dtype option on import or set low_memory=False.
  alpha, alpha_cols = make_and_fit_model(y, pg, ['proband'], ibdrel_path=ibdrel_path, covariates=covariates, sparse_thresh=sparse_thresh)
/cluster/projects/p805/software/anaconda3/envs/snipar_venv4/lib/python3.9/site-packages/snipar/pgs.py:579: DtypeWarning: Columns (0) have mixed types.Specify dtype option on import or set low_memory=False.
  alpha, alpha_cols = make_and_fit_model(y, pg, pg_cols, ibdrel_path=ibdrel_path, covariates=covariates, sparse_thresh=sparse_thresh)
/cluster/projects/p805/software/anaconda3/envs/snipar_venv4/lib/python3.9/site-packages/snipar/pgs.py:607: DtypeWarning: Columns (0) have mixed types.Specify dtype option on import or set low_memory=False.
  alpha, alpha_cols = make_and_fit_model(y, pg, pg_cols, ibdrel_path=ibdrel_path, covariates=covariates, sparse_thresh=sparse_thresh)
Reading PGS from PGC_UKB_depresssion.pgs.txt
Fitting PGS for /cluster/projects/p805/snipar_pgs/data/pheno/five_ch_phenos_snipar.txt
Number of non-missing phenotype observations: 27236
Number of non-missing phenotype observations: 27236
Sample size of individuals with complete phenotype and PGS observations: 25840
Estimating population effect (1 generation model)
Fitting 1 generation model (proband only)
Sample size: 25840
Variance components: [0.9416851306727092, 1e-05, 0.06437744799581449]
Saving effect estimates to EA4_3gen_res/PGC_UKB_depresssion_2.1.effects.txt
Saving sampling variance-covariance matrix to EA4_3gen_res/PGC_UKB_depresssion_2.1.vcov.txt
Estimating direct effect and parental NTCs (2 generation model)
Fitting 2 generation model (proband and observed/imputed parents)
Sample size: 25840
Variance components: [0.9416272731599038, 1e-05, 0.06436841923218271]
Saving effect estimates to EA4_3gen_res/PGC_UKB_depresssion_2.2.effects.txt
Saving sampling variance-covariance matrix to EA4_3gen_res/PGC_UKB_depresssion_2.2.vcov.txt
Estimating direct effect and parental IGEs and grandparental coefficients (3 generation model)
Fitting 3 generation model: observed proband and observed parents, and observed/imputed grandparents
Sample size: 25840
Variance components: [0.9416805145554029, 1e-05, 0.06436678489350466]
Saving effect estimates to EA4_3gen_res/PGC_UKB_depresssion_2.3.effects.txt
Saving sampling variance-covariance matrix to EA4_3gen_res/PGC_UKB_depresssion_2.3.vcov.txt

Task and CPU usage stats:
JobID           JobName  AllocCPUS   NTasks     MinCPU MinCPUTask     AveCPU    Elapsed ExitCode 
------------ ---------- ---------- -------- ---------- ---------- ---------- ---------- -------- 
17689757     PGC_UKB_d+         15                                             01:44:57      0:0 
17689757.ba+      batch         15        1   01:45:37          0   01:45:37   01:44:57      0:0 
17689757.ex+     extern         15        1   00:00:00          0   00:00:00   01:44:57      0:0 

Memory usage stats:
JobID            MaxRSS MaxRSSTask     AveRSS MaxPages   MaxPagesTask   AvePages 
------------ ---------- ---------- ---------- -------- -------------- ---------- 
17689757                                                                         
17689757.ba+ 463482740K          0 463482740K        0              0          0 
17689757.ex+          0          0          0        0              0          0 

Disk usage stats:
JobID         MaxDiskRead MaxDiskReadTask    AveDiskRead MaxDiskWrite MaxDiskWriteTask   AveDiskWrite 
------------ ------------ --------------- -------------- ------------ ---------------- -------------- 
17689757                                                                                              
17689757.ba+       11.40M               0         11.40M        0.00M                0          0.00M 
17689757.ex+        0.00M               0          0.00M            0                0              0 

Job 17689757 completed at Wed Aug 16 06:16:51 CEST 2023
