Starting job 17994650 on c1-15 at Tue Sep 5 09:07:58 CEST 2023

/cluster/projects/p805/software/anaconda3/envs/snipar_venv4/lib/python3.9/site-packages/snipar/pgs.py:552: DtypeWarning: Columns (0) have mixed types.Specify dtype option on import or set low_memory=False.
  alpha, alpha_cols = make_and_fit_model(y, pg, ['proband'], ibdrel_path=ibdrel_path, covariates=covariates, sparse_thresh=sparse_thresh)
/cluster/projects/p805/software/anaconda3/envs/snipar_venv4/lib/python3.9/site-packages/snipar/pgs.py:579: DtypeWarning: Columns (0) have mixed types.Specify dtype option on import or set low_memory=False.
  alpha, alpha_cols = make_and_fit_model(y, pg, pg_cols, ibdrel_path=ibdrel_path, covariates=covariates, sparse_thresh=sparse_thresh)
/cluster/projects/p805/software/anaconda3/envs/snipar_venv4/lib/python3.9/site-packages/snipar/pgs.py:607: DtypeWarning: Columns (0) have mixed types.Specify dtype option on import or set low_memory=False.
  alpha, alpha_cols = make_and_fit_model(y, pg, pg_cols, ibdrel_path=ibdrel_path, covariates=covariates, sparse_thresh=sparse_thresh)
Reading PGS from BMI_GIANT_2018.pgs.txt
Fitting PGS for /cluster/projects/p805/snipar_pgs/data/pheno/five_ch_phenos_snipar.txt
Number of non-missing phenotype observations: 31544
Number of non-missing phenotype observations: 31544
Restricting to individuals with both parents genotyped
Sample size of individuals with complete phenotype and PGS observations: 18901
Estimating population effect (1 generation model)
Fitting 1 generation model (proband only)
Sample size: 18901
Variance components: [0.5054672681215753, 0.07124995102990689, 0.42330690017055866]
Saving effect estimates to EA4_3gen_res/BMI_GIANT_2018_4.1.effects.txt
Saving sampling variance-covariance matrix to EA4_3gen_res/BMI_GIANT_2018_4.1.vcov.txt
Estimating direct effect and parental NTCs (2 generation model)
Fitting 2 generation model (proband and observed/imputed parents)
Sample size: 18901
Variance components: [0.5025894320270935, 0.07202414567853836, 0.4251418161311647]
Saving effect estimates to EA4_3gen_res/BMI_GIANT_2018_4.2.effects.txt
Saving sampling variance-covariance matrix to EA4_3gen_res/BMI_GIANT_2018_4.2.vcov.txt
Estimating direct effect and parental IGEs and grandparental coefficients (3 generation model)
Fitting 3 generation model: observed proband and observed parents, and observed/imputed grandparents
Sample size: 18901
Variance components: [0.5027574870252653, 0.0721761139384058, 0.4249103699190669]
Saving effect estimates to EA4_3gen_res/BMI_GIANT_2018_4.3.effects.txt
Saving sampling variance-covariance matrix to EA4_3gen_res/BMI_GIANT_2018_4.3.vcov.txt

Task and CPU usage stats:
JobID           JobName  AllocCPUS   NTasks     MinCPU MinCPUTask     AveCPU    Elapsed ExitCode 
------------ ---------- ---------- -------- ---------- ---------- ---------- ---------- -------- 
17994650              4         15                                             02:33:43      0:0 
17994650.ba+      batch         15        1   02:32:39          0   02:32:39   02:33:43      0:0 
17994650.ex+     extern         15        1   00:00:00          0   00:00:00   02:33:43      0:0 

Memory usage stats:
JobID            MaxRSS MaxRSSTask     AveRSS MaxPages   MaxPagesTask   AvePages 
------------ ---------- ---------- ---------- -------- -------------- ---------- 
17994650                                                                         
17994650.ba+ 463484584K          0 463484584K        0              0          0 
17994650.ex+          0          0          0        0              0          0 

Disk usage stats:
JobID         MaxDiskRead MaxDiskReadTask    AveDiskRead MaxDiskWrite MaxDiskWriteTask   AveDiskWrite 
------------ ------------ --------------- -------------- ------------ ---------------- -------------- 
17994650                                                                                              
17994650.ba+       11.70M               0         11.70M        0.02M                0          0.02M 
17994650.ex+        0.00M               0          0.00M            0                0              0 

Job 17994650 completed at Tue Sep 5 11:41:40 CEST 2023
