Starting job 17943864 on c1-13 at Fri Sep 1 06:55:23 CEST 2023

/cluster/projects/p805/software/anaconda3/envs/snipar_venv4/lib/python3.9/site-packages/snipar/pgs.py:552: DtypeWarning: Columns (0) have mixed types.Specify dtype option on import or set low_memory=False.
  alpha, alpha_cols = make_and_fit_model(y, pg, ['proband'], ibdrel_path=ibdrel_path, covariates=covariates, sparse_thresh=sparse_thresh)
/cluster/projects/p805/software/anaconda3/envs/snipar_venv4/lib/python3.9/site-packages/snipar/pgs.py:579: DtypeWarning: Columns (0) have mixed types.Specify dtype option on import or set low_memory=False.
  alpha, alpha_cols = make_and_fit_model(y, pg, pg_cols, ibdrel_path=ibdrel_path, covariates=covariates, sparse_thresh=sparse_thresh)
/cluster/projects/p805/software/anaconda3/envs/snipar_venv4/lib/python3.9/site-packages/snipar/pgs.py:607: DtypeWarning: Columns (0) have mixed types.Specify dtype option on import or set low_memory=False.
  alpha, alpha_cols = make_and_fit_model(y, pg, pg_cols, ibdrel_path=ibdrel_path, covariates=covariates, sparse_thresh=sparse_thresh)
Reading PGS from ADHD_Demontis_2023.pgs.txt
Fitting PGS for /cluster/projects/p805/snipar_pgs/data/pheno/five_ch_phenos_snipar.txt
Number of non-missing phenotype observations: 25636
Number of non-missing phenotype observations: 25636
Restricting to individuals with both parents genotyped
Sample size of individuals with complete phenotype and PGS observations: 15368
Estimating population effect (1 generation model)
Fitting 1 generation model (proband only)
Sample size: 15368
Variance components: [0.561057701158549, 1e-05, 0.44018379966077953]
Saving effect estimates to EA4_3gen_res/ADHD_Demontis_2023_3.1.effects.txt
Saving sampling variance-covariance matrix to EA4_3gen_res/ADHD_Demontis_2023_3.1.vcov.txt
Estimating direct effect and parental NTCs (2 generation model)
Fitting 2 generation model (proband and observed/imputed parents)
Sample size: 15368
Variance components: [0.5618214408911271, 1e-05, 0.4392734041835256]
Saving effect estimates to EA4_3gen_res/ADHD_Demontis_2023_3.2.effects.txt
Saving sampling variance-covariance matrix to EA4_3gen_res/ADHD_Demontis_2023_3.2.vcov.txt
Estimating direct effect and parental IGEs and grandparental coefficients (3 generation model)
Fitting 3 generation model: observed proband and observed parents, and observed/imputed grandparents
Sample size: 15368
Variance components: [0.5614914050405823, 1e-05, 0.4396031809098867]
Saving effect estimates to EA4_3gen_res/ADHD_Demontis_2023_3.3.effects.txt
Saving sampling variance-covariance matrix to EA4_3gen_res/ADHD_Demontis_2023_3.3.vcov.txt

Task and CPU usage stats:
JobID           JobName  AllocCPUS   NTasks     MinCPU MinCPUTask     AveCPU    Elapsed ExitCode 
------------ ---------- ---------- -------- ---------- ---------- ---------- ---------- -------- 
17943864     ADHD_Demo+         15                                             02:34:16      0:0 
17943864.ba+      batch         15        1   02:32:19          0   02:32:19   02:34:16      0:0 
17943864.ex+     extern         15        1   00:00:00          0   00:00:00   02:34:16      0:0 

Memory usage stats:
JobID            MaxRSS MaxRSSTask     AveRSS MaxPages   MaxPagesTask   AvePages 
------------ ---------- ---------- ---------- -------- -------------- ---------- 
17943864                                                                         
17943864.ba+ 405793440K          0 405793440K        0              0          0 
17943864.ex+          0          0          0        0              0          0 

Disk usage stats:
JobID         MaxDiskRead MaxDiskReadTask    AveDiskRead MaxDiskWrite MaxDiskWriteTask   AveDiskWrite 
------------ ------------ --------------- -------------- ------------ ---------------- -------------- 
17943864                                                                                              
17943864.ba+       11.40M               0         11.40M        0.00M                0          0.00M 
17943864.ex+        0.00M               0          0.00M            0                0              0 

Job 17943864 completed at Fri Sep 1 09:29:40 CEST 2023
