Starting job 17689754 on c1-14 at Wed Aug 16 03:55:48 CEST 2023

/cluster/projects/p805/software/anaconda3/envs/snipar_venv4/lib/python3.9/site-packages/snipar/pgs.py:552: DtypeWarning: Columns (0) have mixed types.Specify dtype option on import or set low_memory=False.
  alpha, alpha_cols = make_and_fit_model(y, pg, ['proband'], ibdrel_path=ibdrel_path, covariates=covariates, sparse_thresh=sparse_thresh)
/cluster/projects/p805/software/anaconda3/envs/snipar_venv4/lib/python3.9/site-packages/snipar/pgs.py:579: DtypeWarning: Columns (0) have mixed types.Specify dtype option on import or set low_memory=False.
  alpha, alpha_cols = make_and_fit_model(y, pg, pg_cols, ibdrel_path=ibdrel_path, covariates=covariates, sparse_thresh=sparse_thresh)
/cluster/projects/p805/software/anaconda3/envs/snipar_venv4/lib/python3.9/site-packages/snipar/pgs.py:607: DtypeWarning: Columns (0) have mixed types.Specify dtype option on import or set low_memory=False.
  alpha, alpha_cols = make_and_fit_model(y, pg, pg_cols, ibdrel_path=ibdrel_path, covariates=covariates, sparse_thresh=sparse_thresh)
Reading PGS from ADHD_Demontis_2023.pgs.txt
Fitting PGS for /cluster/projects/p805/snipar_pgs/data/pheno/five_ch_phenos_snipar.txt
Number of non-missing phenotype observations: 31544
Number of non-missing phenotype observations: 31544
Sample size of individuals with complete phenotype and PGS observations: 29916
Estimating population effect (1 generation model)
Fitting 1 generation model (proband only)
Sample size: 29916
Variance components: [0.4805501165276453, 0.08180276071524176, 0.43959350085544985]
Saving effect estimates to EA4_3gen_res/ADHD_Demontis_2023_4.1.effects.txt
Saving sampling variance-covariance matrix to EA4_3gen_res/ADHD_Demontis_2023_4.1.vcov.txt
Estimating direct effect and parental NTCs (2 generation model)
Fitting 2 generation model (proband and observed/imputed parents)
Sample size: 29916
Variance components: [0.4790481116747393, 0.08262063845756007, 0.4401528064368595]
Saving effect estimates to EA4_3gen_res/ADHD_Demontis_2023_4.2.effects.txt
Saving sampling variance-covariance matrix to EA4_3gen_res/ADHD_Demontis_2023_4.2.vcov.txt
Estimating direct effect and parental IGEs and grandparental coefficients (3 generation model)
Fitting 3 generation model: observed proband and observed parents, and observed/imputed grandparents
Sample size: 29916
Variance components: [0.4794454233902022, 0.08248776856315503, 0.43993672757625046]
Saving effect estimates to EA4_3gen_res/ADHD_Demontis_2023_4.3.effects.txt
Saving sampling variance-covariance matrix to EA4_3gen_res/ADHD_Demontis_2023_4.3.vcov.txt

Task and CPU usage stats:
JobID           JobName  AllocCPUS   NTasks     MinCPU MinCPUTask     AveCPU    Elapsed ExitCode 
------------ ---------- ---------- -------- ---------- ---------- ---------- ---------- -------- 
17689754     ADHD_Demo+         15                                             02:30:25      0:0 
17689754.ba+      batch         15        1   02:30:23          0   02:30:23   02:30:25      0:0 
17689754.ex+     extern         15        1   00:00:00          0   00:00:00   02:30:25      0:0 

Memory usage stats:
JobID            MaxRSS MaxRSSTask     AveRSS MaxPages   MaxPagesTask   AvePages 
------------ ---------- ---------- ---------- -------- -------------- ---------- 
17689754                                                                         
17689754.ba+ 405765180K          0 405765180K        0              0          0 
17689754.ex+          0          0          0        0              0          0 

Disk usage stats:
JobID         MaxDiskRead MaxDiskReadTask    AveDiskRead MaxDiskWrite MaxDiskWriteTask   AveDiskWrite 
------------ ------------ --------------- -------------- ------------ ---------------- -------------- 
17689754                                                                                              
17689754.ba+       11.40M               0         11.40M        0.00M                0          0.00M 
17689754.ex+        0.00M               0          0.00M            0                0              0 

Job 17689754 completed at Wed Aug 16 06:26:14 CEST 2023
