Starting job 17943876 on c1-15 at Fri Sep 1 11:31:03 CEST 2023

/cluster/projects/p805/software/anaconda3/envs/snipar_venv4/lib/python3.9/site-packages/snipar/pgs.py:552: DtypeWarning: Columns (0) have mixed types.Specify dtype option on import or set low_memory=False.
  alpha, alpha_cols = make_and_fit_model(y, pg, ['proband'], ibdrel_path=ibdrel_path, covariates=covariates, sparse_thresh=sparse_thresh)
/cluster/projects/p805/software/anaconda3/envs/snipar_venv4/lib/python3.9/site-packages/snipar/pgs.py:579: DtypeWarning: Columns (0) have mixed types.Specify dtype option on import or set low_memory=False.
  alpha, alpha_cols = make_and_fit_model(y, pg, pg_cols, ibdrel_path=ibdrel_path, covariates=covariates, sparse_thresh=sparse_thresh)
/cluster/projects/p805/software/anaconda3/envs/snipar_venv4/lib/python3.9/site-packages/snipar/pgs.py:607: DtypeWarning: Columns (0) have mixed types.Specify dtype option on import or set low_memory=False.
  alpha, alpha_cols = make_and_fit_model(y, pg, pg_cols, ibdrel_path=ibdrel_path, covariates=covariates, sparse_thresh=sparse_thresh)
Reading PGS from BMI_GIANT_2018.pgs.txt
Fitting PGS for /cluster/projects/p805/snipar_pgs/data/pheno/five_ch_phenos_snipar.txt
Number of non-missing phenotype observations: 31510
Number of non-missing phenotype observations: 31510
Restricting to individuals with both parents genotyped
Sample size of individuals with complete phenotype and PGS observations: 18889
Estimating population effect (1 generation model)
Fitting 1 generation model (proband only)
Sample size: 18889
Variance components: [0.09629710038570169, 0.24919073589117063, 0.6541953042584014]
Saving effect estimates to EA4_3gen_res/BMI_GIANT_2018_5.1.effects.txt
Saving sampling variance-covariance matrix to EA4_3gen_res/BMI_GIANT_2018_5.1.vcov.txt
Estimating direct effect and parental NTCs (2 generation model)
Fitting 2 generation model (proband and observed/imputed parents)
Sample size: 18889
Variance components: [0.096373948245785, 0.24949838328296117, 0.6535128834778918]
Saving effect estimates to EA4_3gen_res/BMI_GIANT_2018_5.2.effects.txt
Saving sampling variance-covariance matrix to EA4_3gen_res/BMI_GIANT_2018_5.2.vcov.txt
Estimating direct effect and parental IGEs and grandparental coefficients (3 generation model)
Fitting 3 generation model: observed proband and observed parents, and observed/imputed grandparents
Sample size: 18889
Variance components: [0.09646231725759838, 0.2496169243406881, 0.6534188911127748]
Saving effect estimates to EA4_3gen_res/BMI_GIANT_2018_5.3.effects.txt
Saving sampling variance-covariance matrix to EA4_3gen_res/BMI_GIANT_2018_5.3.vcov.txt

Task and CPU usage stats:
JobID           JobName  AllocCPUS   NTasks     MinCPU MinCPUTask     AveCPU    Elapsed ExitCode 
------------ ---------- ---------- -------- ---------- ---------- ---------- ---------- -------- 
17943876              5         15                                             02:35:58      0:0 
17943876.ba+      batch         15        1   02:30:48          0   02:30:48   02:35:58      0:0 
17943876.ex+     extern         15        1   00:00:00          0   00:00:00   02:35:58      0:0 

Memory usage stats:
JobID            MaxRSS MaxRSSTask     AveRSS MaxPages   MaxPagesTask   AvePages 
------------ ---------- ---------- ---------- -------- -------------- ---------- 
17943876                                                                         
17943876.ba+ 405788864K          0 405788864K        0              0          0 
17943876.ex+          0          0          0        0              0          0 

Disk usage stats:
JobID         MaxDiskRead MaxDiskReadTask    AveDiskRead MaxDiskWrite MaxDiskWriteTask   AveDiskWrite 
------------ ------------ --------------- -------------- ------------ ---------------- -------------- 
17943876                                                                                              
17943876.ba+       11.40M               0         11.40M        0.00M                0          0.00M 
17943876.ex+        0.00M               0          0.00M            0                0              0 

Job 17943876 completed at Fri Sep 1 14:07:02 CEST 2023
