Starting job 17994651 on c2-20 at Tue Sep 5 09:08:01 CEST 2023

/cluster/projects/p805/software/anaconda3/envs/snipar_venv4/lib/python3.9/site-packages/snipar/pgs.py:552: DtypeWarning: Columns (0) have mixed types.Specify dtype option on import or set low_memory=False.
  alpha, alpha_cols = make_and_fit_model(y, pg, ['proband'], ibdrel_path=ibdrel_path, covariates=covariates, sparse_thresh=sparse_thresh)
/cluster/projects/p805/software/anaconda3/envs/snipar_venv4/lib/python3.9/site-packages/snipar/pgs.py:579: DtypeWarning: Columns (0) have mixed types.Specify dtype option on import or set low_memory=False.
  alpha, alpha_cols = make_and_fit_model(y, pg, pg_cols, ibdrel_path=ibdrel_path, covariates=covariates, sparse_thresh=sparse_thresh)
/cluster/projects/p805/software/anaconda3/envs/snipar_venv4/lib/python3.9/site-packages/snipar/pgs.py:607: DtypeWarning: Columns (0) have mixed types.Specify dtype option on import or set low_memory=False.
  alpha, alpha_cols = make_and_fit_model(y, pg, pg_cols, ibdrel_path=ibdrel_path, covariates=covariates, sparse_thresh=sparse_thresh)
Reading PGS from height_yengo_2022.pgs.txt
Fitting PGS for /cluster/projects/p805/snipar_pgs/data/pheno/five_ch_phenos_snipar.txt
Number of non-missing phenotype observations: 25636
Number of non-missing phenotype observations: 25636
Restricting to individuals with both parents genotyped
Sample size of individuals with complete phenotype and PGS observations: 15368
Estimating population effect (1 generation model)
Fitting 1 generation model (proband only)
Sample size: 15368
Variance components: [0.5617914720797018, 1e-05, 0.43946487351247104]
Saving effect estimates to EA4_3gen_res/height_yengo_2022_3.1.effects.txt
Saving sampling variance-covariance matrix to EA4_3gen_res/height_yengo_2022_3.1.vcov.txt
Estimating direct effect and parental NTCs (2 generation model)
Fitting 2 generation model (proband and observed/imputed parents)
Sample size: 15368
Variance components: [0.5615923288750252, 1e-05, 0.43968867969772374]
Saving effect estimates to EA4_3gen_res/height_yengo_2022_3.2.effects.txt
Saving sampling variance-covariance matrix to EA4_3gen_res/height_yengo_2022_3.2.vcov.txt
Estimating direct effect and parental IGEs and grandparental coefficients (3 generation model)
Fitting 3 generation model: observed proband and observed parents, and observed/imputed grandparents
Sample size: 15368
Variance components: [0.5616511732069224, 1e-05, 0.43966606568187255]
Saving effect estimates to EA4_3gen_res/height_yengo_2022_3.3.effects.txt
Saving sampling variance-covariance matrix to EA4_3gen_res/height_yengo_2022_3.3.vcov.txt

Task and CPU usage stats:
JobID           JobName  AllocCPUS   NTasks     MinCPU MinCPUTask     AveCPU    Elapsed ExitCode 
------------ ---------- ---------- -------- ---------- ---------- ---------- ---------- -------- 
17994651     height_ye+         15                                             01:42:54      0:0 
17994651.ba+      batch         15        1   01:42:13          0   01:42:13   01:42:54      0:0 
17994651.ex+     extern         15        1   00:00:00          0   00:00:00   01:42:54      0:0 

Memory usage stats:
JobID            MaxRSS MaxRSSTask     AveRSS MaxPages   MaxPagesTask   AvePages 
------------ ---------- ---------- ---------- -------- -------------- ---------- 
17994651                                                                         
17994651.ba+ 405757296K          0 405757296K        0              0          0 
17994651.ex+          0          0          0        0              0          0 

Disk usage stats:
JobID         MaxDiskRead MaxDiskReadTask    AveDiskRead MaxDiskWrite MaxDiskWriteTask   AveDiskWrite 
------------ ------------ --------------- -------------- ------------ ---------------- -------------- 
17994651                                                                                              
17994651.ba+       11.70M               0         11.70M        0.02M                0          0.02M 
17994651.ex+        0.00M               0          0.00M            0                0              0 

Job 17994651 completed at Tue Sep 5 10:50:54 CEST 2023
