Starting job 17689759 on c2-19 at Wed Aug 16 05:48:04 CEST 2023

/cluster/projects/p805/software/anaconda3/envs/snipar_venv4/lib/python3.9/site-packages/snipar/pgs.py:552: DtypeWarning: Columns (0) have mixed types.Specify dtype option on import or set low_memory=False.
  alpha, alpha_cols = make_and_fit_model(y, pg, ['proband'], ibdrel_path=ibdrel_path, covariates=covariates, sparse_thresh=sparse_thresh)
/cluster/projects/p805/software/anaconda3/envs/snipar_venv4/lib/python3.9/site-packages/snipar/pgs.py:579: DtypeWarning: Columns (0) have mixed types.Specify dtype option on import or set low_memory=False.
  alpha, alpha_cols = make_and_fit_model(y, pg, pg_cols, ibdrel_path=ibdrel_path, covariates=covariates, sparse_thresh=sparse_thresh)
/cluster/projects/p805/software/anaconda3/envs/snipar_venv4/lib/python3.9/site-packages/snipar/pgs.py:607: DtypeWarning: Columns (0) have mixed types.Specify dtype option on import or set low_memory=False.
  alpha, alpha_cols = make_and_fit_model(y, pg, pg_cols, ibdrel_path=ibdrel_path, covariates=covariates, sparse_thresh=sparse_thresh)
Reading PGS from PGC_UKB_depresssion.pgs.txt
Fitting PGS for /cluster/projects/p805/snipar_pgs/data/pheno/five_ch_phenos_snipar.txt
Number of non-missing phenotype observations: 31544
Number of non-missing phenotype observations: 31544
Sample size of individuals with complete phenotype and PGS observations: 29916
Estimating population effect (1 generation model)
Fitting 1 generation model (proband only)
Sample size: 29916
Variance components: [0.4764948108799503, 0.08189441267913274, 0.44204203419736454]
Saving effect estimates to EA4_3gen_res/PGC_UKB_depresssion_4.1.effects.txt
Saving sampling variance-covariance matrix to EA4_3gen_res/PGC_UKB_depresssion_4.1.vcov.txt
Estimating direct effect and parental NTCs (2 generation model)
Fitting 2 generation model (proband and observed/imputed parents)
Sample size: 29916
Variance components: [0.4762702850375642, 0.08225999251987053, 0.44186817613709695]
Saving effect estimates to EA4_3gen_res/PGC_UKB_depresssion_4.2.effects.txt
Saving sampling variance-covariance matrix to EA4_3gen_res/PGC_UKB_depresssion_4.2.vcov.txt
Estimating direct effect and parental IGEs and grandparental coefficients (3 generation model)
Fitting 3 generation model: observed proband and observed parents, and observed/imputed grandparents
Sample size: 29916
Variance components: [0.47595553404852675, 0.08246879403082523, 0.44203069705092063]
Saving effect estimates to EA4_3gen_res/PGC_UKB_depresssion_4.3.effects.txt
Saving sampling variance-covariance matrix to EA4_3gen_res/PGC_UKB_depresssion_4.3.vcov.txt

Task and CPU usage stats:
JobID           JobName  AllocCPUS   NTasks     MinCPU MinCPUTask     AveCPU    Elapsed ExitCode 
------------ ---------- ---------- -------- ---------- ---------- ---------- ---------- -------- 
17689759     PGC_UKB_d+         15                                             01:43:58      0:0 
17689759.ba+      batch         15        1   01:44:06          0   01:44:06   01:43:58      0:0 
17689759.ex+     extern         15        1   00:00:00          0   00:00:00   01:43:58      0:0 

Memory usage stats:
JobID            MaxRSS MaxRSSTask     AveRSS MaxPages   MaxPagesTask   AvePages 
------------ ---------- ---------- ---------- -------- -------------- ---------- 
17689759                                                                         
17689759.ba+ 405819656K          0 405819656K        0              0          0 
17689759.ex+          0          0          0        0              0          0 

Disk usage stats:
JobID         MaxDiskRead MaxDiskReadTask    AveDiskRead MaxDiskWrite MaxDiskWriteTask   AveDiskWrite 
------------ ------------ --------------- -------------- ------------ ---------------- -------------- 
17689759                                                                                              
17689759.ba+       11.40M               0         11.40M        0.00M                0          0.00M 
17689759.ex+        0.00M               0          0.00M            0                0              0 

Job 17689759 completed at Wed Aug 16 07:31:57 CEST 2023
