Starting job 17943861 on c1-11 at Fri Sep 1 05:22:41 CEST 2023

Reading PGS from height_yengo_2022.pgs.txt
Fitting PGS for /cluster/projects/p805/snipar_pgs/data/pheno/five_ch_phenos_snipar.txt
Number of non-missing phenotype observations: 31510
Number of non-missing phenotype observations: 31510
Restricting to individuals with both parents genotyped
Sample size of individuals with complete phenotype and PGS observations: 18889
Estimating population effect (1 generation model)
Fitting 1 generation model (proband only)
Sample size: 18889
Traceback (most recent call last):
  File "/cluster/projects/p805/software/anaconda3/envs/snipar_venv4/bin/pgs.py", line 182, in <module>
    alpha_1 = pgs.fit_pgs_model(y, pg, 1, ibdrel_path=args.ibdrel_path, covariates=covariates, fit_sib=args.fit_sib, parsum=args.parsum, gparsum=args.gparsum, outprefix=args.out, sparse_thresh=args.sparse_thresh)
  File "/cluster/projects/p805/software/anaconda3/envs/snipar_venv4/lib/python3.9/site-packages/snipar/pgs.py", line 552, in fit_pgs_model
    alpha, alpha_cols = make_and_fit_model(y, pg, ['proband'], ibdrel_path=ibdrel_path, covariates=covariates, sparse_thresh=sparse_thresh)
  File "/cluster/projects/p805/software/anaconda3/envs/snipar_venv4/lib/python3.9/site-packages/snipar/pgs.py", line 626, in make_and_fit_model
    varcomp_lst = make_grms(pg.fams[no_NA], ibdrel_path=ibdrel_path, id_dict=id_dict, keep=pg.ids[no_NA], sparse_thresh=sparse_thresh)
  File "/cluster/projects/p805/software/anaconda3/envs/snipar_venv4/lib/python3.9/site-packages/snipar/pgs.py", line 656, in make_grms
    grm_data, grm_row_ind, grm_col_ind = slmm.build_ibdrel_arr(
  File "/cluster/projects/p805/software/anaconda3/envs/snipar_venv4/lib/python3.9/site-packages/snipar/slmm.py", line 79, in build_ibdrel_arr
    king = pd.read_csv(ibdrel_path + '.seg',
  File "/cluster/projects/p805/software/anaconda3/envs/snipar_venv4/lib/python3.9/site-packages/pandas/io/parsers.py", line 688, in read_csv
    return _read(filepath_or_buffer, kwds)
  File "/cluster/projects/p805/software/anaconda3/envs/snipar_venv4/lib/python3.9/site-packages/pandas/io/parsers.py", line 460, in _read
    data = parser.read(nrows)
  File "/cluster/projects/p805/software/anaconda3/envs/snipar_venv4/lib/python3.9/site-packages/pandas/io/parsers.py", line 1198, in read
    ret = self._engine.read(nrows)
  File "/cluster/projects/p805/software/anaconda3/envs/snipar_venv4/lib/python3.9/site-packages/pandas/io/parsers.py", line 2157, in read
    data = self._reader.read(nrows)
  File "pandas/_libs/parsers.pyx", line 847, in pandas._libs.parsers.TextReader.read
  File "pandas/_libs/parsers.pyx", line 890, in pandas._libs.parsers.TextReader._read_low_memory
  File "pandas/_libs/parsers.pyx", line 2074, in pandas._libs.parsers._concatenate_chunks
  File "<__array_function__ internals>", line 5, in concatenate
numpy.core._exceptions._ArrayMemoryError: Unable to allocate 11.0 GiB for an array with shape (1477110548,) and data type float64

Task and CPU usage stats:
JobID           JobName  AllocCPUS   NTasks     MinCPU MinCPUTask     AveCPU    Elapsed ExitCode 
------------ ---------- ---------- -------- ---------- ---------- ---------- ---------- -------- 
17943861     height_ye+         15                                             00:33:58      1:0 
17943861.ba+      batch         15        1   00:31:43          0   00:31:43   00:33:58      1:0 
17943861.ex+     extern         15        1   00:00:00          0   00:00:00   00:33:58      0:0 

Memory usage stats:
JobID            MaxRSS MaxRSSTask     AveRSS MaxPages   MaxPagesTask   AvePages 
------------ ---------- ---------- ---------- -------- -------------- ---------- 
17943861                                                                         
17943861.ba+ 288746728K          0 288746728K        0              0          0 
17943861.ex+          0          0          0        0              0          0 

Disk usage stats:
JobID         MaxDiskRead MaxDiskReadTask    AveDiskRead MaxDiskWrite MaxDiskWriteTask   AveDiskWrite 
------------ ------------ --------------- -------------- ------------ ---------------- -------------- 
17943861                                                                                              
17943861.ba+       11.40M               0         11.40M        0.00M                0          0.00M 
17943861.ex+        0.00M               0          0.00M            0                0              0 

Job 17943861 completed at Fri Sep 1 05:56:39 CEST 2023
