Starting job 17690244 on c1-12 at Wed Aug 16 12:40:23 CEST 2023

/cluster/projects/p805/software/anaconda3/envs/snipar_venv4/lib/python3.9/site-packages/snipar/pgs.py:607: DtypeWarning: Columns (0) have mixed types.Specify dtype option on import or set low_memory=False.
  alpha, alpha_cols = make_and_fit_model(y, pg, pg_cols, ibdrel_path=ibdrel_path, covariates=covariates, sparse_thresh=sparse_thresh)
Reading PGS from EA4.pgs.txt
Fitting PGS for /cluster/projects/p805/snipar_pgs/data/pheno/five_ch_phenos_snipar.txt
Number of non-missing phenotype observations: 68014
Number of non-missing phenotype observations: 68014
Sample size of individuals with complete phenotype and PGS observations: 64511
Estimating direct effect and parental IGEs and grandparental coefficients (3 generation model)
Fitting 3 generation model: observed proband and observed parents, and observed/imputed grandparents
Sample size: 64511
Variance components: [0.6417499069038978, 1e-05, 0.28497504053682454]
Saving effect estimates to EA4_3gen_res/EA4_1.3.effects.txt
Saving sampling variance-covariance matrix to EA4_3gen_res/EA4_1.3.vcov.txt

Task and CPU usage stats:
JobID           JobName  AllocCPUS   NTasks     MinCPU MinCPUTask     AveCPU    Elapsed ExitCode 
------------ ---------- ---------- -------- ---------- ---------- ---------- ---------- -------- 
17690244          EA4_1         15                                             01:52:27      0:0 
17690244.ba+      batch         15        1   15:51:53          0   15:51:53   01:52:27      0:0 
17690244.ex+     extern         15        1   00:00:00          0   00:00:00   01:52:27      0:0 

Memory usage stats:
JobID            MaxRSS MaxRSSTask     AveRSS MaxPages   MaxPagesTask   AvePages 
------------ ---------- ---------- ---------- -------- -------------- ---------- 
17690244                                                                         
17690244.ba+ 405818196K          0 405818196K        0              0          0 
17690244.ex+          0          0          0        0              0          0 

Disk usage stats:
JobID         MaxDiskRead MaxDiskReadTask    AveDiskRead MaxDiskWrite MaxDiskWriteTask   AveDiskWrite 
------------ ------------ --------------- -------------- ------------ ---------------- -------------- 
17690244                                                                                              
17690244.ba+       11.70M               0         11.70M        0.02M                0          0.02M 
17690244.ex+        0.00M               0          0.00M            0                0              0 

Job 17690244 completed at Wed Aug 16 14:32:51 CEST 2023
