Starting job 17689740 on c2-22 at Tue Aug 15 23:16:11 CEST 2023

/cluster/projects/p805/software/anaconda3/envs/snipar_venv4/lib/python3.9/site-packages/snipar/pgs.py:552: DtypeWarning: Columns (0) have mixed types.Specify dtype option on import or set low_memory=False.
  alpha, alpha_cols = make_and_fit_model(y, pg, ['proband'], ibdrel_path=ibdrel_path, covariates=covariates, sparse_thresh=sparse_thresh)
/cluster/projects/p805/software/anaconda3/envs/snipar_venv4/lib/python3.9/site-packages/snipar/pgs.py:579: DtypeWarning: Columns (0) have mixed types.Specify dtype option on import or set low_memory=False.
  alpha, alpha_cols = make_and_fit_model(y, pg, pg_cols, ibdrel_path=ibdrel_path, covariates=covariates, sparse_thresh=sparse_thresh)
/cluster/projects/p805/software/anaconda3/envs/snipar_venv4/lib/python3.9/site-packages/snipar/pgs.py:607: DtypeWarning: Columns (0) have mixed types.Specify dtype option on import or set low_memory=False.
  alpha, alpha_cols = make_and_fit_model(y, pg, pg_cols, ibdrel_path=ibdrel_path, covariates=covariates, sparse_thresh=sparse_thresh)
Reading PGS from EA4.pgs.txt
Fitting PGS for /cluster/projects/p805/snipar_pgs/data/pheno/five_ch_phenos_snipar.txt
Number of non-missing phenotype observations: 31510
Number of non-missing phenotype observations: 31510
Sample size of individuals with complete phenotype and PGS observations: 29885
Estimating population effect (1 generation model)
Fitting 1 generation model (proband only)
Sample size: 29885
Variance components: [0.18131760969336708, 0.2156975189378627, 0.603264312326988]
Saving effect estimates to EA4_3gen_res/EA4_5.1.effects.txt
Saving sampling variance-covariance matrix to EA4_3gen_res/EA4_5.1.vcov.txt
Estimating direct effect and parental NTCs (2 generation model)
Fitting 2 generation model (proband and observed/imputed parents)
Sample size: 29885
Variance components: [0.18078452186380947, 0.21595285825949484, 0.6035528595126066]
Saving effect estimates to EA4_3gen_res/EA4_5.2.effects.txt
Saving sampling variance-covariance matrix to EA4_3gen_res/EA4_5.2.vcov.txt
Estimating direct effect and parental IGEs and grandparental coefficients (3 generation model)
Fitting 3 generation model: observed proband and observed parents, and observed/imputed grandparents
Sample size: 29885
Variance components: [0.1808692441134613, 0.2160032518440766, 0.6034469598815021]
Saving effect estimates to EA4_3gen_res/EA4_5.3.effects.txt
Saving sampling variance-covariance matrix to EA4_3gen_res/EA4_5.3.vcov.txt

Task and CPU usage stats:
JobID           JobName  AllocCPUS   NTasks     MinCPU MinCPUTask     AveCPU    Elapsed ExitCode 
------------ ---------- ---------- -------- ---------- ---------- ---------- ---------- -------- 
17689740          EA4_5         15                                             01:43:12      0:0 
17689740.ba+      batch         15        1   01:42:57          0   01:42:57   01:43:12      0:0 
17689740.ex+     extern         15        1   00:00:00          0   00:00:00   01:43:12      0:0 

Memory usage stats:
JobID            MaxRSS MaxRSSTask     AveRSS MaxPages   MaxPagesTask   AvePages 
------------ ---------- ---------- ---------- -------- -------------- ---------- 
17689740                                                                         
17689740.ba+ 405816056K          0 405816056K        0              0          0 
17689740.ex+          0          0          0        0              0          0 

Disk usage stats:
JobID         MaxDiskRead MaxDiskReadTask    AveDiskRead MaxDiskWrite MaxDiskWriteTask   AveDiskWrite 
------------ ------------ --------------- -------------- ------------ ---------------- -------------- 
17689740                                                                                              
17689740.ba+       11.40M               0         11.40M        0.00M                0          0.00M 
17689740.ex+        0.00M               0          0.00M            0                0              0 

Job 17689740 completed at Wed Aug 16 00:59:23 CEST 2023
