Starting job 17943855 on c1-13 at Fri Sep 1 01:43:07 CEST 2023

/cluster/projects/p805/software/anaconda3/envs/snipar_venv4/lib/python3.9/site-packages/snipar/pgs.py:552: DtypeWarning: Columns (0) have mixed types.Specify dtype option on import or set low_memory=False.
  alpha, alpha_cols = make_and_fit_model(y, pg, ['proband'], ibdrel_path=ibdrel_path, covariates=covariates, sparse_thresh=sparse_thresh)
/cluster/projects/p805/software/anaconda3/envs/snipar_venv4/lib/python3.9/site-packages/snipar/pgs.py:579: DtypeWarning: Columns (0) have mixed types.Specify dtype option on import or set low_memory=False.
  alpha, alpha_cols = make_and_fit_model(y, pg, pg_cols, ibdrel_path=ibdrel_path, covariates=covariates, sparse_thresh=sparse_thresh)
/cluster/projects/p805/software/anaconda3/envs/snipar_venv4/lib/python3.9/site-packages/snipar/pgs.py:607: DtypeWarning: Columns (0) have mixed types.Specify dtype option on import or set low_memory=False.
  alpha, alpha_cols = make_and_fit_model(y, pg, pg_cols, ibdrel_path=ibdrel_path, covariates=covariates, sparse_thresh=sparse_thresh)
Reading PGS from EA4.pgs.txt
Fitting PGS for /cluster/projects/p805/snipar_pgs/data/pheno/five_ch_phenos_snipar.txt
Number of non-missing phenotype observations: 31544
Number of non-missing phenotype observations: 31544
Restricting to individuals with both parents genotyped
Sample size of individuals with complete phenotype and PGS observations: 18901
Estimating population effect (1 generation model)
Fitting 1 generation model (proband only)
Sample size: 18901
Variance components: [0.49903136282167904, 0.07700441158501549, 0.4211282776610398]
Saving effect estimates to EA4_3gen_res/EA4_4.1.effects.txt
Saving sampling variance-covariance matrix to EA4_3gen_res/EA4_4.1.vcov.txt
Estimating direct effect and parental NTCs (2 generation model)
Fitting 2 generation model (proband and observed/imputed parents)
Sample size: 18901
Variance components: [0.49992844863224056, 0.076654103026523, 0.42042709315893245]
Saving effect estimates to EA4_3gen_res/EA4_4.2.effects.txt
Saving sampling variance-covariance matrix to EA4_3gen_res/EA4_4.2.vcov.txt
Estimating direct effect and parental IGEs and grandparental coefficients (3 generation model)
Fitting 3 generation model: observed proband and observed parents, and observed/imputed grandparents
Sample size: 18901
Variance components: [0.4994392962690499, 0.07709480580070743, 0.4205388029603709]
Saving effect estimates to EA4_3gen_res/EA4_4.3.effects.txt
Saving sampling variance-covariance matrix to EA4_3gen_res/EA4_4.3.vcov.txt

Task and CPU usage stats:
JobID           JobName  AllocCPUS   NTasks     MinCPU MinCPUTask     AveCPU    Elapsed ExitCode 
------------ ---------- ---------- -------- ---------- ---------- ---------- ---------- -------- 
17943855          EA4_4         15                                             02:35:41      0:0 
17943855.ba+      batch         15        1   02:31:08          0   02:31:08   02:35:41      0:0 
17943855.ex+     extern         15        1   00:00:00          0   00:00:00   02:35:41      0:0 

Memory usage stats:
JobID            MaxRSS MaxRSSTask     AveRSS MaxPages   MaxPagesTask   AvePages 
------------ ---------- ---------- ---------- -------- -------------- ---------- 
17943855                                                                         
17943855.ba+ 405761204K          0 405761204K        0              0          0 
17943855.ex+          0          0          0        0              0          0 

Disk usage stats:
JobID         MaxDiskRead MaxDiskReadTask    AveDiskRead MaxDiskWrite MaxDiskWriteTask   AveDiskWrite 
------------ ------------ --------------- -------------- ------------ ---------------- -------------- 
17943855                                                                                              
17943855.ba+       11.40M               0         11.40M        0.00M                0          0.00M 
17943855.ex+        0.00M               0          0.00M            0                0              0 

Job 17943855 completed at Fri Sep 1 04:18:49 CEST 2023
