Starting job 17943866 on c2-21 at Fri Sep 1 08:37:24 CEST 2023

/cluster/projects/p805/software/anaconda3/envs/snipar_venv4/lib/python3.9/site-packages/snipar/pgs.py:552: DtypeWarning: Columns (0) have mixed types.Specify dtype option on import or set low_memory=False.
  alpha, alpha_cols = make_and_fit_model(y, pg, ['proband'], ibdrel_path=ibdrel_path, covariates=covariates, sparse_thresh=sparse_thresh)
/cluster/projects/p805/software/anaconda3/envs/snipar_venv4/lib/python3.9/site-packages/snipar/pgs.py:579: DtypeWarning: Columns (0) have mixed types.Specify dtype option on import or set low_memory=False.
  alpha, alpha_cols = make_and_fit_model(y, pg, pg_cols, ibdrel_path=ibdrel_path, covariates=covariates, sparse_thresh=sparse_thresh)
/cluster/projects/p805/software/anaconda3/envs/snipar_venv4/lib/python3.9/site-packages/snipar/pgs.py:607: DtypeWarning: Columns (0) have mixed types.Specify dtype option on import or set low_memory=False.
  alpha, alpha_cols = make_and_fit_model(y, pg, pg_cols, ibdrel_path=ibdrel_path, covariates=covariates, sparse_thresh=sparse_thresh)
Reading PGS from ADHD_Demontis_2023.pgs.txt
Fitting PGS for /cluster/projects/p805/snipar_pgs/data/pheno/five_ch_phenos_snipar.txt
Number of non-missing phenotype observations: 31510
Number of non-missing phenotype observations: 31510
Restricting to individuals with both parents genotyped
Sample size of individuals with complete phenotype and PGS observations: 18889
Estimating population effect (1 generation model)
Fitting 1 generation model (proband only)
Sample size: 18889
Variance components: [0.0918600273343538, 0.2557102998219213, 0.6545312142031371]
Saving effect estimates to EA4_3gen_res/ADHD_Demontis_2023_5.1.effects.txt
Saving sampling variance-covariance matrix to EA4_3gen_res/ADHD_Demontis_2023_5.1.vcov.txt
Estimating direct effect and parental NTCs (2 generation model)
Fitting 2 generation model (proband and observed/imputed parents)
Sample size: 18889
Variance components: [0.09185931882642366, 0.25577726338979645, 0.6545682194199752]
Saving effect estimates to EA4_3gen_res/ADHD_Demontis_2023_5.2.effects.txt
Saving sampling variance-covariance matrix to EA4_3gen_res/ADHD_Demontis_2023_5.2.vcov.txt
Estimating direct effect and parental IGEs and grandparental coefficients (3 generation model)
Fitting 3 generation model: observed proband and observed parents, and observed/imputed grandparents
Sample size: 18889
Variance components: [0.09189889006783125, 0.2558807108241272, 0.6544954496366319]
Saving effect estimates to EA4_3gen_res/ADHD_Demontis_2023_5.3.effects.txt
Saving sampling variance-covariance matrix to EA4_3gen_res/ADHD_Demontis_2023_5.3.vcov.txt

Task and CPU usage stats:
JobID           JobName  AllocCPUS   NTasks     MinCPU MinCPUTask     AveCPU    Elapsed ExitCode 
------------ ---------- ---------- -------- ---------- ---------- ---------- ---------- -------- 
17943866     ADHD_Demo+         15                                             01:56:54      0:0 
17943866.ba+      batch         15        1   01:46:05          0   01:46:05   01:56:54      0:0 
17943866.ex+     extern         15        1   00:00:00          0   00:00:00   01:56:54      0:0 

Memory usage stats:
JobID            MaxRSS MaxRSSTask     AveRSS MaxPages   MaxPagesTask   AvePages 
------------ ---------- ---------- ---------- -------- -------------- ---------- 
17943866                                                                         
17943866.ba+ 405726156K          0 405726156K        0              0          0 
17943866.ex+          0          0          0        0              0          0 

Disk usage stats:
JobID         MaxDiskRead MaxDiskReadTask    AveDiskRead MaxDiskWrite MaxDiskWriteTask   AveDiskWrite 
------------ ------------ --------------- -------------- ------------ ---------------- -------------- 
17943866                                                                                              
17943866.ba+       11.40M               0         11.40M        0.00M                0          0.00M 
17943866.ex+        0.00M               0          0.00M            0                0              0 

Job 17943866 completed at Fri Sep 1 10:34:19 CEST 2023
