Starting job 17689744 on c2-20 at Wed Aug 16 01:03:29 CEST 2023

/cluster/projects/p805/software/anaconda3/envs/snipar_venv4/lib/python3.9/site-packages/snipar/pgs.py:552: DtypeWarning: Columns (0) have mixed types.Specify dtype option on import or set low_memory=False.
  alpha, alpha_cols = make_and_fit_model(y, pg, ['proband'], ibdrel_path=ibdrel_path, covariates=covariates, sparse_thresh=sparse_thresh)
/cluster/projects/p805/software/anaconda3/envs/snipar_venv4/lib/python3.9/site-packages/snipar/pgs.py:579: DtypeWarning: Columns (0) have mixed types.Specify dtype option on import or set low_memory=False.
  alpha, alpha_cols = make_and_fit_model(y, pg, pg_cols, ibdrel_path=ibdrel_path, covariates=covariates, sparse_thresh=sparse_thresh)
/cluster/projects/p805/software/anaconda3/envs/snipar_venv4/lib/python3.9/site-packages/snipar/pgs.py:607: DtypeWarning: Columns (0) have mixed types.Specify dtype option on import or set low_memory=False.
  alpha, alpha_cols = make_and_fit_model(y, pg, pg_cols, ibdrel_path=ibdrel_path, covariates=covariates, sparse_thresh=sparse_thresh)
Reading PGS from height_yengo_2022.pgs.txt
Fitting PGS for /cluster/projects/p805/snipar_pgs/data/pheno/five_ch_phenos_snipar.txt
Number of non-missing phenotype observations: 31544
Number of non-missing phenotype observations: 31544
Sample size of individuals with complete phenotype and PGS observations: 29916
Estimating population effect (1 generation model)
Fitting 1 generation model (proband only)
Sample size: 29916
Variance components: [0.47853002659348776, 0.0825699309868773, 0.44088229548429564]
Saving effect estimates to EA4_3gen_res/height_yengo_2022_4.1.effects.txt
Saving sampling variance-covariance matrix to EA4_3gen_res/height_yengo_2022_4.1.vcov.txt
Estimating direct effect and parental NTCs (2 generation model)
Fitting 2 generation model (proband and observed/imputed parents)
Sample size: 29916
Variance components: [0.4775128190256859, 0.08324104770650462, 0.44114098136558727]
Saving effect estimates to EA4_3gen_res/height_yengo_2022_4.2.effects.txt
Saving sampling variance-covariance matrix to EA4_3gen_res/height_yengo_2022_4.2.vcov.txt
Estimating direct effect and parental IGEs and grandparental coefficients (3 generation model)
Fitting 3 generation model: observed proband and observed parents, and observed/imputed grandparents
Sample size: 29916
Variance components: [0.4776145049662892, 0.0832655212720197, 0.44108309186568184]
Saving effect estimates to EA4_3gen_res/height_yengo_2022_4.3.effects.txt
Saving sampling variance-covariance matrix to EA4_3gen_res/height_yengo_2022_4.3.vcov.txt

Task and CPU usage stats:
JobID           JobName  AllocCPUS   NTasks     MinCPU MinCPUTask     AveCPU    Elapsed ExitCode 
------------ ---------- ---------- -------- ---------- ---------- ---------- ---------- -------- 
17689744     height_ye+         15                                             01:45:22      0:0 
17689744.ba+      batch         15        1   01:45:23          0   01:45:23   01:45:22      0:0 
17689744.ex+     extern         15        1   00:00:00          0   00:00:00   01:45:22      0:0 

Memory usage stats:
JobID            MaxRSS MaxRSSTask     AveRSS MaxPages   MaxPagesTask   AvePages 
------------ ---------- ---------- ---------- -------- -------------- ---------- 
17689744                                                                         
17689744.ba+ 405831112K          0 405831112K        0              0          0 
17689744.ex+          0          0          0        0              0          0 

Disk usage stats:
JobID         MaxDiskRead MaxDiskReadTask    AveDiskRead MaxDiskWrite MaxDiskWriteTask   AveDiskWrite 
------------ ------------ --------------- -------------- ------------ ---------------- -------------- 
17689744                                                                                              
17689744.ba+       11.40M               0         11.40M        0.00M                0          0.00M 
17689744.ex+        0.00M               0          0.00M            0                0              0 

Job 17689744 completed at Wed Aug 16 02:48:51 CEST 2023
