Starting job 17689760 on c2-21 at Wed Aug 16 05:51:38 CEST 2023

/cluster/projects/p805/software/anaconda3/envs/snipar_venv4/lib/python3.9/site-packages/snipar/pgs.py:552: DtypeWarning: Columns (0) have mixed types.Specify dtype option on import or set low_memory=False.
  alpha, alpha_cols = make_and_fit_model(y, pg, ['proband'], ibdrel_path=ibdrel_path, covariates=covariates, sparse_thresh=sparse_thresh)
/cluster/projects/p805/software/anaconda3/envs/snipar_venv4/lib/python3.9/site-packages/snipar/pgs.py:579: DtypeWarning: Columns (0) have mixed types.Specify dtype option on import or set low_memory=False.
  alpha, alpha_cols = make_and_fit_model(y, pg, pg_cols, ibdrel_path=ibdrel_path, covariates=covariates, sparse_thresh=sparse_thresh)
/cluster/projects/p805/software/anaconda3/envs/snipar_venv4/lib/python3.9/site-packages/snipar/pgs.py:607: DtypeWarning: Columns (0) have mixed types.Specify dtype option on import or set low_memory=False.
  alpha, alpha_cols = make_and_fit_model(y, pg, pg_cols, ibdrel_path=ibdrel_path, covariates=covariates, sparse_thresh=sparse_thresh)
Reading PGS from PGC_UKB_depresssion.pgs.txt
Fitting PGS for /cluster/projects/p805/snipar_pgs/data/pheno/five_ch_phenos_snipar.txt
Number of non-missing phenotype observations: 31510
Number of non-missing phenotype observations: 31510
Sample size of individuals with complete phenotype and PGS observations: 29885
Estimating population effect (1 generation model)
Fitting 1 generation model (proband only)
Sample size: 29885
Variance components: [0.17154953948341573, 0.21964919790014548, 0.6082337011415784]
Saving effect estimates to EA4_3gen_res/PGC_UKB_depresssion_5.1.effects.txt
Saving sampling variance-covariance matrix to EA4_3gen_res/PGC_UKB_depresssion_5.1.vcov.txt
Estimating direct effect and parental NTCs (2 generation model)
Fitting 2 generation model (proband and observed/imputed parents)
Sample size: 29885
Variance components: [0.17072615903839386, 0.22019432971642453, 0.6080998212153794]
Saving effect estimates to EA4_3gen_res/PGC_UKB_depresssion_5.2.effects.txt
Saving sampling variance-covariance matrix to EA4_3gen_res/PGC_UKB_depresssion_5.2.vcov.txt
Estimating direct effect and parental IGEs and grandparental coefficients (3 generation model)
Fitting 3 generation model: observed proband and observed parents, and observed/imputed grandparents
Sample size: 29885
Variance components: [0.1710785982762832, 0.220130648490856, 0.6078786373407836]
Saving effect estimates to EA4_3gen_res/PGC_UKB_depresssion_5.3.effects.txt
Saving sampling variance-covariance matrix to EA4_3gen_res/PGC_UKB_depresssion_5.3.vcov.txt

Task and CPU usage stats:
JobID           JobName  AllocCPUS   NTasks     MinCPU MinCPUTask     AveCPU    Elapsed ExitCode 
------------ ---------- ---------- -------- ---------- ---------- ---------- ---------- -------- 
17689760     PGC_UKB_d+         15                                             01:44:33      0:0 
17689760.ba+      batch         15        1   01:44:57          0   01:44:57   01:44:33      0:0 
17689760.ex+     extern         15        1   00:00:00          0   00:00:00   01:44:33      0:0 

Memory usage stats:
JobID            MaxRSS MaxRSSTask     AveRSS MaxPages   MaxPagesTask   AvePages 
------------ ---------- ---------- ---------- -------- -------------- ---------- 
17689760                                                                         
17689760.ba+ 405768648K          0 405768648K        0              0          0 
17689760.ex+          0          0          0        0              0          0 

Disk usage stats:
JobID         MaxDiskRead MaxDiskReadTask    AveDiskRead MaxDiskWrite MaxDiskWriteTask   AveDiskWrite 
------------ ------------ --------------- -------------- ------------ ---------------- -------------- 
17689760                                                                                              
17689760.ba+       11.40M               0         11.40M        0.00M                0          0.00M 
17689760.ex+        0.00M               0          0.00M            0                0              0 

Job 17689760 completed at Wed Aug 16 07:36:11 CEST 2023
