Starting job 17689739 on c1-15 at Tue Aug 15 22:36:15 CEST 2023

/cluster/projects/p805/software/anaconda3/envs/snipar_venv4/lib/python3.9/site-packages/snipar/pgs.py:552: DtypeWarning: Columns (0) have mixed types.Specify dtype option on import or set low_memory=False.
  alpha, alpha_cols = make_and_fit_model(y, pg, ['proband'], ibdrel_path=ibdrel_path, covariates=covariates, sparse_thresh=sparse_thresh)
/cluster/projects/p805/software/anaconda3/envs/snipar_venv4/lib/python3.9/site-packages/snipar/pgs.py:579: DtypeWarning: Columns (0) have mixed types.Specify dtype option on import or set low_memory=False.
  alpha, alpha_cols = make_and_fit_model(y, pg, pg_cols, ibdrel_path=ibdrel_path, covariates=covariates, sparse_thresh=sparse_thresh)
/cluster/projects/p805/software/anaconda3/envs/snipar_venv4/lib/python3.9/site-packages/snipar/pgs.py:607: DtypeWarning: Columns (0) have mixed types.Specify dtype option on import or set low_memory=False.
  alpha, alpha_cols = make_and_fit_model(y, pg, pg_cols, ibdrel_path=ibdrel_path, covariates=covariates, sparse_thresh=sparse_thresh)
Reading PGS from EA4.pgs.txt
Fitting PGS for /cluster/projects/p805/snipar_pgs/data/pheno/five_ch_phenos_snipar.txt
Number of non-missing phenotype observations: 31544
Number of non-missing phenotype observations: 31544
Sample size of individuals with complete phenotype and PGS observations: 29916
Estimating population effect (1 generation model)
Fitting 1 generation model (proband only)
Sample size: 29916
Variance components: [0.4691811275646992, 0.08675803700378967, 0.44039971159943847]
Saving effect estimates to EA4_3gen_res/EA4_4.1.effects.txt
Saving sampling variance-covariance matrix to EA4_3gen_res/EA4_4.1.vcov.txt
Estimating direct effect and parental NTCs (2 generation model)
Fitting 2 generation model (proband and observed/imputed parents)
Sample size: 29916
Variance components: [0.47082879394233873, 0.08600439166778302, 0.43940846623389057]
Saving effect estimates to EA4_3gen_res/EA4_4.2.effects.txt
Saving sampling variance-covariance matrix to EA4_3gen_res/EA4_4.2.vcov.txt
Estimating direct effect and parental IGEs and grandparental coefficients (3 generation model)
Fitting 3 generation model: observed proband and observed parents, and observed/imputed grandparents
Sample size: 29916
Variance components: [0.47082460745539456, 0.08610992217776235, 0.43937868000227914]
Saving effect estimates to EA4_3gen_res/EA4_4.3.effects.txt
Saving sampling variance-covariance matrix to EA4_3gen_res/EA4_4.3.vcov.txt

Task and CPU usage stats:
JobID           JobName  AllocCPUS   NTasks     MinCPU MinCPUTask     AveCPU    Elapsed ExitCode 
------------ ---------- ---------- -------- ---------- ---------- ---------- ---------- -------- 
17689739          EA4_4         15                                             02:33:06      0:0 
17689739.ba+      batch         15        1   02:33:08          0   02:33:08   02:33:06      0:0 
17689739.ex+     extern         15        1   00:00:00          0   00:00:00   02:33:06      0:0 

Memory usage stats:
JobID            MaxRSS MaxRSSTask     AveRSS MaxPages   MaxPagesTask   AvePages 
------------ ---------- ---------- ---------- -------- -------------- ---------- 
17689739                                                                         
17689739.ba+ 405787184K          0 405787184K        0              0          0 
17689739.ex+          0          0          0        0              0          0 

Disk usage stats:
JobID         MaxDiskRead MaxDiskReadTask    AveDiskRead MaxDiskWrite MaxDiskWriteTask   AveDiskWrite 
------------ ------------ --------------- -------------- ------------ ---------------- -------------- 
17689739                                                                                              
17689739.ba+       11.40M               0         11.40M        0.00M                0          0.00M 
17689739.ex+        0.00M               0          0.00M            0                0              0 

Job 17689739 completed at Wed Aug 16 01:09:21 CEST 2023
