Starting job 17689752 on c1-13 at Wed Aug 16 03:26:06 CEST 2023

/cluster/projects/p805/software/anaconda3/envs/snipar_venv4/lib/python3.9/site-packages/snipar/pgs.py:552: DtypeWarning: Columns (0) have mixed types.Specify dtype option on import or set low_memory=False.
  alpha, alpha_cols = make_and_fit_model(y, pg, ['proband'], ibdrel_path=ibdrel_path, covariates=covariates, sparse_thresh=sparse_thresh)
/cluster/projects/p805/software/anaconda3/envs/snipar_venv4/lib/python3.9/site-packages/snipar/pgs.py:579: DtypeWarning: Columns (0) have mixed types.Specify dtype option on import or set low_memory=False.
  alpha, alpha_cols = make_and_fit_model(y, pg, pg_cols, ibdrel_path=ibdrel_path, covariates=covariates, sparse_thresh=sparse_thresh)
/cluster/projects/p805/software/anaconda3/envs/snipar_venv4/lib/python3.9/site-packages/snipar/pgs.py:607: DtypeWarning: Columns (0) have mixed types.Specify dtype option on import or set low_memory=False.
  alpha, alpha_cols = make_and_fit_model(y, pg, pg_cols, ibdrel_path=ibdrel_path, covariates=covariates, sparse_thresh=sparse_thresh)
Reading PGS from ADHD_Demontis_2023.pgs.txt
Fitting PGS for /cluster/projects/p805/snipar_pgs/data/pheno/five_ch_phenos_snipar.txt
Number of non-missing phenotype observations: 27236
Number of non-missing phenotype observations: 27236
Sample size of individuals with complete phenotype and PGS observations: 25840
Estimating population effect (1 generation model)
Fitting 1 generation model (proband only)
Sample size: 25840
Variance components: [0.9414994897219701, 1e-05, 0.06441303901405403]
Saving effect estimates to EA4_3gen_res/ADHD_Demontis_2023_2.1.effects.txt
Saving sampling variance-covariance matrix to EA4_3gen_res/ADHD_Demontis_2023_2.1.vcov.txt
Estimating direct effect and parental NTCs (2 generation model)
Fitting 2 generation model (proband and observed/imputed parents)
Sample size: 25840
Variance components: [0.9416150441952045, 1e-05, 0.06436769137807641]
Saving effect estimates to EA4_3gen_res/ADHD_Demontis_2023_2.2.effects.txt
Saving sampling variance-covariance matrix to EA4_3gen_res/ADHD_Demontis_2023_2.2.vcov.txt
Estimating direct effect and parental IGEs and grandparental coefficients (3 generation model)
Fitting 3 generation model: observed proband and observed parents, and observed/imputed grandparents
Sample size: 25840
Variance components: [0.94164596122439, 1e-05, 0.0643589271538506]
Saving effect estimates to EA4_3gen_res/ADHD_Demontis_2023_2.3.effects.txt
Saving sampling variance-covariance matrix to EA4_3gen_res/ADHD_Demontis_2023_2.3.vcov.txt

Task and CPU usage stats:
JobID           JobName  AllocCPUS   NTasks     MinCPU MinCPUTask     AveCPU    Elapsed ExitCode 
------------ ---------- ---------- -------- ---------- ---------- ---------- ---------- -------- 
17689752     ADHD_Demo+         15                                             02:30:42      0:0 
17689752.ba+      batch         15        1   02:31:08          0   02:31:08   02:30:42      0:0 
17689752.ex+     extern         15        1   00:00:00          0   00:00:00   02:30:42      0:0 

Memory usage stats:
JobID            MaxRSS MaxRSSTask     AveRSS MaxPages   MaxPagesTask   AvePages 
------------ ---------- ---------- ---------- -------- -------------- ---------- 
17689752                                                                         
17689752.ba+ 405802456K          0 405802456K        0              0          0 
17689752.ex+          0          0          0        0              0          0 

Disk usage stats:
JobID         MaxDiskRead MaxDiskReadTask    AveDiskRead MaxDiskWrite MaxDiskWriteTask   AveDiskWrite 
------------ ------------ --------------- -------------- ------------ ---------------- -------------- 
17689752                                                                                              
17689752.ba+       11.40M               0         11.40M        0.00M                0          0.00M 
17689752.ex+        0.00M               0          0.00M            0                0              0 

Job 17689752 completed at Wed Aug 16 05:56:48 CEST 2023
