Starting job 17943854 on c1-15 at Fri Sep 1 01:01:14 CEST 2023

/cluster/projects/p805/software/anaconda3/envs/snipar_venv4/lib/python3.9/site-packages/snipar/pgs.py:552: DtypeWarning: Columns (0) have mixed types.Specify dtype option on import or set low_memory=False.
  alpha, alpha_cols = make_and_fit_model(y, pg, ['proband'], ibdrel_path=ibdrel_path, covariates=covariates, sparse_thresh=sparse_thresh)
/cluster/projects/p805/software/anaconda3/envs/snipar_venv4/lib/python3.9/site-packages/snipar/pgs.py:579: DtypeWarning: Columns (0) have mixed types.Specify dtype option on import or set low_memory=False.
  alpha, alpha_cols = make_and_fit_model(y, pg, pg_cols, ibdrel_path=ibdrel_path, covariates=covariates, sparse_thresh=sparse_thresh)
/cluster/projects/p805/software/anaconda3/envs/snipar_venv4/lib/python3.9/site-packages/snipar/pgs.py:607: DtypeWarning: Columns (0) have mixed types.Specify dtype option on import or set low_memory=False.
  alpha, alpha_cols = make_and_fit_model(y, pg, pg_cols, ibdrel_path=ibdrel_path, covariates=covariates, sparse_thresh=sparse_thresh)
Reading PGS from EA4.pgs.txt
Fitting PGS for /cluster/projects/p805/snipar_pgs/data/pheno/five_ch_phenos_snipar.txt
Number of non-missing phenotype observations: 25636
Number of non-missing phenotype observations: 25636
Restricting to individuals with both parents genotyped
Sample size of individuals with complete phenotype and PGS observations: 15368
Estimating population effect (1 generation model)
Fitting 1 generation model (proband only)
Sample size: 15368
Variance components: [0.5599202989962085, 1e-05, 0.44082526017361107]
Saving effect estimates to EA4_3gen_res/EA4_3.1.effects.txt
Saving sampling variance-covariance matrix to EA4_3gen_res/EA4_3.1.vcov.txt
Estimating direct effect and parental NTCs (2 generation model)
Fitting 2 generation model (proband and observed/imputed parents)
Sample size: 15368
Variance components: [0.5590593193172936, 1e-05, 0.4412598402671941]
Saving effect estimates to EA4_3gen_res/EA4_3.2.effects.txt
Saving sampling variance-covariance matrix to EA4_3gen_res/EA4_3.2.vcov.txt
Estimating direct effect and parental IGEs and grandparental coefficients (3 generation model)
Fitting 3 generation model: observed proband and observed parents, and observed/imputed grandparents
Sample size: 15368
Variance components: [0.5588786675252926, 1e-05, 0.44138883237189586]
Saving effect estimates to EA4_3gen_res/EA4_3.3.effects.txt
Saving sampling variance-covariance matrix to EA4_3gen_res/EA4_3.3.vcov.txt

Task and CPU usage stats:
JobID           JobName  AllocCPUS   NTasks     MinCPU MinCPUTask     AveCPU    Elapsed ExitCode 
------------ ---------- ---------- -------- ---------- ---------- ---------- ---------- -------- 
17943854          EA4_3         15                                             02:32:36      0:0 
17943854.ba+      batch         15        1   02:29:17          0   02:29:17   02:32:36      0:0 
17943854.ex+     extern         15        1   00:00:00          0   00:00:00   02:32:36      0:0 

Memory usage stats:
JobID            MaxRSS MaxRSSTask     AveRSS MaxPages   MaxPagesTask   AvePages 
------------ ---------- ---------- ---------- -------- -------------- ---------- 
17943854                                                                         
17943854.ba+ 405790124K          0 405790124K        0              0          0 
17943854.ex+          0          0          0        0              0          0 

Disk usage stats:
JobID         MaxDiskRead MaxDiskReadTask    AveDiskRead MaxDiskWrite MaxDiskWriteTask   AveDiskWrite 
------------ ------------ --------------- -------------- ------------ ---------------- -------------- 
17943854                                                                                              
17943854.ba+       11.40M               0         11.40M        0.00M                0          0.00M 
17943854.ex+        0.00M               0          0.00M            0                0              0 

Job 17943854 completed at Fri Sep 1 03:33:35 CEST 2023
