Starting job 17943865 on c2-24 at Fri Sep 1 08:23:48 CEST 2023

/cluster/projects/p805/software/anaconda3/envs/snipar_venv4/lib/python3.9/site-packages/snipar/pgs.py:552: DtypeWarning: Columns (0) have mixed types.Specify dtype option on import or set low_memory=False.
  alpha, alpha_cols = make_and_fit_model(y, pg, ['proband'], ibdrel_path=ibdrel_path, covariates=covariates, sparse_thresh=sparse_thresh)
/cluster/projects/p805/software/anaconda3/envs/snipar_venv4/lib/python3.9/site-packages/snipar/pgs.py:579: DtypeWarning: Columns (0) have mixed types.Specify dtype option on import or set low_memory=False.
  alpha, alpha_cols = make_and_fit_model(y, pg, pg_cols, ibdrel_path=ibdrel_path, covariates=covariates, sparse_thresh=sparse_thresh)
/cluster/projects/p805/software/anaconda3/envs/snipar_venv4/lib/python3.9/site-packages/snipar/pgs.py:607: DtypeWarning: Columns (0) have mixed types.Specify dtype option on import or set low_memory=False.
  alpha, alpha_cols = make_and_fit_model(y, pg, pg_cols, ibdrel_path=ibdrel_path, covariates=covariates, sparse_thresh=sparse_thresh)
Reading PGS from ADHD_Demontis_2023.pgs.txt
Fitting PGS for /cluster/projects/p805/snipar_pgs/data/pheno/five_ch_phenos_snipar.txt
Number of non-missing phenotype observations: 31544
Number of non-missing phenotype observations: 31544
Restricting to individuals with both parents genotyped
Sample size of individuals with complete phenotype and PGS observations: 18901
Estimating population effect (1 generation model)
Fitting 1 generation model (proband only)
Sample size: 18901
Variance components: [0.5079881413369992, 0.07217163432167462, 0.42244592928912983]
Saving effect estimates to EA4_3gen_res/ADHD_Demontis_2023_4.1.effects.txt
Saving sampling variance-covariance matrix to EA4_3gen_res/ADHD_Demontis_2023_4.1.vcov.txt
Estimating direct effect and parental NTCs (2 generation model)
Fitting 2 generation model (proband and observed/imputed parents)
Sample size: 18901
Variance components: [0.5078828723573608, 0.07234747062927387, 0.4223505022836728]
Saving effect estimates to EA4_3gen_res/ADHD_Demontis_2023_4.2.effects.txt
Saving sampling variance-covariance matrix to EA4_3gen_res/ADHD_Demontis_2023_4.2.vcov.txt
Estimating direct effect and parental IGEs and grandparental coefficients (3 generation model)
Fitting 3 generation model: observed proband and observed parents, and observed/imputed grandparents
Sample size: 18901
Variance components: [0.5089524871988842, 0.07184602167749186, 0.4218611263288522]
Saving effect estimates to EA4_3gen_res/ADHD_Demontis_2023_4.3.effects.txt
Saving sampling variance-covariance matrix to EA4_3gen_res/ADHD_Demontis_2023_4.3.vcov.txt

Task and CPU usage stats:
JobID           JobName  AllocCPUS   NTasks     MinCPU MinCPUTask     AveCPU    Elapsed ExitCode 
------------ ---------- ---------- -------- ---------- ---------- ---------- ---------- -------- 
17943865     ADHD_Demo+         15                                             01:51:37      0:0 
17943865.ba+      batch         15        1   01:46:24          0   01:46:24   01:51:37      0:0 
17943865.ex+     extern         15        1   00:00:00          0   00:00:00   01:51:37      0:0 

Memory usage stats:
JobID            MaxRSS MaxRSSTask     AveRSS MaxPages   MaxPagesTask   AvePages 
------------ ---------- ---------- ---------- -------- -------------- ---------- 
17943865                                                                         
17943865.ba+ 405764844K          0 405764844K        0              0          0 
17943865.ex+          0          0          0        0              0          0 

Disk usage stats:
JobID         MaxDiskRead MaxDiskReadTask    AveDiskRead MaxDiskWrite MaxDiskWriteTask   AveDiskWrite 
------------ ------------ --------------- -------------- ------------ ---------------- -------------- 
17943865                                                                                              
17943865.ba+       11.40M               0         11.40M        0.00M                0          0.00M 
17943865.ex+        0.00M               0          0.00M            0                0              0 

Job 17943865 completed at Fri Sep 1 10:15:24 CEST 2023
