Starting job 17994652 on c2-21 at Tue Sep 5 09:08:01 CEST 2023

/cluster/projects/p805/software/anaconda3/envs/snipar_venv4/lib/python3.9/site-packages/snipar/pgs.py:552: DtypeWarning: Columns (0) have mixed types.Specify dtype option on import or set low_memory=False.
  alpha, alpha_cols = make_and_fit_model(y, pg, ['proband'], ibdrel_path=ibdrel_path, covariates=covariates, sparse_thresh=sparse_thresh)
/cluster/projects/p805/software/anaconda3/envs/snipar_venv4/lib/python3.9/site-packages/snipar/pgs.py:579: DtypeWarning: Columns (0) have mixed types.Specify dtype option on import or set low_memory=False.
  alpha, alpha_cols = make_and_fit_model(y, pg, pg_cols, ibdrel_path=ibdrel_path, covariates=covariates, sparse_thresh=sparse_thresh)
/cluster/projects/p805/software/anaconda3/envs/snipar_venv4/lib/python3.9/site-packages/snipar/pgs.py:607: DtypeWarning: Columns (0) have mixed types.Specify dtype option on import or set low_memory=False.
  alpha, alpha_cols = make_and_fit_model(y, pg, pg_cols, ibdrel_path=ibdrel_path, covariates=covariates, sparse_thresh=sparse_thresh)
Reading PGS from height_yengo_2022.pgs.txt
Fitting PGS for /cluster/projects/p805/snipar_pgs/data/pheno/five_ch_phenos_snipar.txt
Number of non-missing phenotype observations: 31510
Number of non-missing phenotype observations: 31510
Restricting to individuals with both parents genotyped
Sample size of individuals with complete phenotype and PGS observations: 18889
Estimating population effect (1 generation model)
Fitting 1 generation model (proband only)
Sample size: 18889
Variance components: [0.09124794411261528, 0.2557877044488129, 0.6551881176383538]
Saving effect estimates to EA4_3gen_res/height_yengo_2022_5.1.effects.txt
Saving sampling variance-covariance matrix to EA4_3gen_res/height_yengo_2022_5.1.vcov.txt
Estimating direct effect and parental NTCs (2 generation model)
Fitting 2 generation model (proband and observed/imputed parents)
Sample size: 18889
Variance components: [0.09032762823679491, 0.25726222328315007, 0.654479081336928]
Saving effect estimates to EA4_3gen_res/height_yengo_2022_5.2.effects.txt
Saving sampling variance-covariance matrix to EA4_3gen_res/height_yengo_2022_5.2.vcov.txt
Estimating direct effect and parental IGEs and grandparental coefficients (3 generation model)
Fitting 3 generation model: observed proband and observed parents, and observed/imputed grandparents
Sample size: 18889
Variance components: [0.08794922788087033, 0.2586475562889754, 0.6555128657175755]
Saving effect estimates to EA4_3gen_res/height_yengo_2022_5.3.effects.txt
Saving sampling variance-covariance matrix to EA4_3gen_res/height_yengo_2022_5.3.vcov.txt

Task and CPU usage stats:
JobID           JobName  AllocCPUS   NTasks     MinCPU MinCPUTask     AveCPU    Elapsed ExitCode 
------------ ---------- ---------- -------- ---------- ---------- ---------- ---------- -------- 
17994652     height_ye+         15                                             01:45:46      0:0 
17994652.ba+      batch         15        1   01:45:08          0   01:45:08   01:45:46      0:0 
17994652.ex+     extern         15        1   00:00:00          0   00:00:00   01:45:46      0:0 

Memory usage stats:
JobID            MaxRSS MaxRSSTask     AveRSS MaxPages   MaxPagesTask   AvePages 
------------ ---------- ---------- ---------- -------- -------------- ---------- 
17994652                                                                         
17994652.ba+ 405798468K          0 405798468K        0              0          0 
17994652.ex+          0          0          0        0              0          0 

Disk usage stats:
JobID         MaxDiskRead MaxDiskReadTask    AveDiskRead MaxDiskWrite MaxDiskWriteTask   AveDiskWrite 
------------ ------------ --------------- -------------- ------------ ---------------- -------------- 
17994652                                                                                              
17994652.ba+       11.70M               0         11.70M        0.02M                0          0.02M 
17994652.ex+        0.00M               0          0.00M            0                0              0 

Job 17994652 completed at Tue Sep 5 10:53:46 CEST 2023
