Starting job 17943860 on c2-21 at Fri Sep 1 05:02:00 CEST 2023

/cluster/projects/p805/software/anaconda3/envs/snipar_venv4/lib/python3.9/site-packages/snipar/pgs.py:552: DtypeWarning: Columns (0) have mixed types.Specify dtype option on import or set low_memory=False.
  alpha, alpha_cols = make_and_fit_model(y, pg, ['proband'], ibdrel_path=ibdrel_path, covariates=covariates, sparse_thresh=sparse_thresh)
/cluster/projects/p805/software/anaconda3/envs/snipar_venv4/lib/python3.9/site-packages/snipar/pgs.py:579: DtypeWarning: Columns (0) have mixed types.Specify dtype option on import or set low_memory=False.
  alpha, alpha_cols = make_and_fit_model(y, pg, pg_cols, ibdrel_path=ibdrel_path, covariates=covariates, sparse_thresh=sparse_thresh)
/cluster/projects/p805/software/anaconda3/envs/snipar_venv4/lib/python3.9/site-packages/snipar/pgs.py:607: DtypeWarning: Columns (0) have mixed types.Specify dtype option on import or set low_memory=False.
  alpha, alpha_cols = make_and_fit_model(y, pg, pg_cols, ibdrel_path=ibdrel_path, covariates=covariates, sparse_thresh=sparse_thresh)
Reading PGS from height_yengo_2022.pgs.txt
Fitting PGS for /cluster/projects/p805/snipar_pgs/data/pheno/five_ch_phenos_snipar.txt
Number of non-missing phenotype observations: 31544
Number of non-missing phenotype observations: 31544
Restricting to individuals with both parents genotyped
Sample size of individuals with complete phenotype and PGS observations: 18901
Estimating population effect (1 generation model)
Fitting 1 generation model (proband only)
Sample size: 18901
Variance components: [0.5070401597527431, 0.07198778344596087, 0.4237853771316274]
Saving effect estimates to EA4_3gen_res/height_yengo_2022_4.1.effects.txt
Saving sampling variance-covariance matrix to EA4_3gen_res/height_yengo_2022_4.1.vcov.txt
Estimating direct effect and parental NTCs (2 generation model)
Fitting 2 generation model (proband and observed/imputed parents)
Sample size: 18901
Variance components: [0.5068231941164957, 0.07232161759137715, 0.42349573280068276]
Saving effect estimates to EA4_3gen_res/height_yengo_2022_4.2.effects.txt
Saving sampling variance-covariance matrix to EA4_3gen_res/height_yengo_2022_4.2.vcov.txt
Estimating direct effect and parental IGEs and grandparental coefficients (3 generation model)
Fitting 3 generation model: observed proband and observed parents, and observed/imputed grandparents
Sample size: 18901
Variance components: [0.5059403414258651, 0.0728720028722173, 0.4238495355471191]
Saving effect estimates to EA4_3gen_res/height_yengo_2022_4.3.effects.txt
Saving sampling variance-covariance matrix to EA4_3gen_res/height_yengo_2022_4.3.vcov.txt

Task and CPU usage stats:
JobID           JobName  AllocCPUS   NTasks     MinCPU MinCPUTask     AveCPU    Elapsed ExitCode 
------------ ---------- ---------- -------- ---------- ---------- ---------- ---------- -------- 
17943860     height_ye+         15                                             01:50:43      0:0 
17943860.ba+      batch         15        1   01:45:03          0   01:45:03   01:50:43      0:0 
17943860.ex+     extern         15        1   00:00:00          0   00:00:00   01:50:43      0:0 

Memory usage stats:
JobID            MaxRSS MaxRSSTask     AveRSS MaxPages   MaxPagesTask   AvePages 
------------ ---------- ---------- ---------- -------- -------------- ---------- 
17943860                                                                         
17943860.ba+ 405723548K          0 405723548K        0              0          0 
17943860.ex+          0          0          0        0              0          0 

Disk usage stats:
JobID         MaxDiskRead MaxDiskReadTask    AveDiskRead MaxDiskWrite MaxDiskWriteTask   AveDiskWrite 
------------ ------------ --------------- -------------- ------------ ---------------- -------------- 
17943860                                                                                              
17943860.ba+       11.40M               0         11.40M        0.00M                0          0.00M 
17943860.ex+        0.00M               0          0.00M            0                0              0 

Job 17943860 completed at Fri Sep 1 06:52:43 CEST 2023
