Starting job 17689743 on c2-22 at Wed Aug 16 00:59:26 CEST 2023

/cluster/projects/p805/software/anaconda3/envs/snipar_venv4/lib/python3.9/site-packages/snipar/pgs.py:552: DtypeWarning: Columns (0) have mixed types.Specify dtype option on import or set low_memory=False.
  alpha, alpha_cols = make_and_fit_model(y, pg, ['proband'], ibdrel_path=ibdrel_path, covariates=covariates, sparse_thresh=sparse_thresh)
/cluster/projects/p805/software/anaconda3/envs/snipar_venv4/lib/python3.9/site-packages/snipar/pgs.py:579: DtypeWarning: Columns (0) have mixed types.Specify dtype option on import or set low_memory=False.
  alpha, alpha_cols = make_and_fit_model(y, pg, pg_cols, ibdrel_path=ibdrel_path, covariates=covariates, sparse_thresh=sparse_thresh)
/cluster/projects/p805/software/anaconda3/envs/snipar_venv4/lib/python3.9/site-packages/snipar/pgs.py:607: DtypeWarning: Columns (0) have mixed types.Specify dtype option on import or set low_memory=False.
  alpha, alpha_cols = make_and_fit_model(y, pg, pg_cols, ibdrel_path=ibdrel_path, covariates=covariates, sparse_thresh=sparse_thresh)
Reading PGS from height_yengo_2022.pgs.txt
Fitting PGS for /cluster/projects/p805/snipar_pgs/data/pheno/five_ch_phenos_snipar.txt
Number of non-missing phenotype observations: 25636
Number of non-missing phenotype observations: 25636
Sample size of individuals with complete phenotype and PGS observations: 24313
Estimating population effect (1 generation model)
Fitting 1 generation model (proband only)
Sample size: 24313
Variance components: [0.6150910735356817, 1e-05, 0.387109436082687]
Saving effect estimates to EA4_3gen_res/height_yengo_2022_3.1.effects.txt
Saving sampling variance-covariance matrix to EA4_3gen_res/height_yengo_2022_3.1.vcov.txt
Estimating direct effect and parental NTCs (2 generation model)
Fitting 2 generation model (proband and observed/imputed parents)
Sample size: 24313
Variance components: [0.6150836943209713, 1e-05, 0.387175030198224]
Saving effect estimates to EA4_3gen_res/height_yengo_2022_3.2.effects.txt
Saving sampling variance-covariance matrix to EA4_3gen_res/height_yengo_2022_3.2.vcov.txt
Estimating direct effect and parental IGEs and grandparental coefficients (3 generation model)
Fitting 3 generation model: observed proband and observed parents, and observed/imputed grandparents
Sample size: 24313
Variance components: [0.614971971168152, 1e-05, 0.387082007835565]
Saving effect estimates to EA4_3gen_res/height_yengo_2022_3.3.effects.txt
Saving sampling variance-covariance matrix to EA4_3gen_res/height_yengo_2022_3.3.vcov.txt

Task and CPU usage stats:
JobID           JobName  AllocCPUS   NTasks     MinCPU MinCPUTask     AveCPU    Elapsed ExitCode 
------------ ---------- ---------- -------- ---------- ---------- ---------- ---------- -------- 
17689743     height_ye+         15                                             01:50:11      0:0 
17689743.ba+      batch         15        1   01:49:54          0   01:49:54   01:50:11      0:0 
17689743.ex+     extern         15        1   00:00:00          0   00:00:00   01:50:11      0:0 

Memory usage stats:
JobID            MaxRSS MaxRSSTask     AveRSS MaxPages   MaxPagesTask   AvePages 
------------ ---------- ---------- ---------- -------- -------------- ---------- 
17689743                                                                         
17689743.ba+ 405749152K          0 405749152K        0              0          0 
17689743.ex+          0          0          0        0              0          0 

Disk usage stats:
JobID         MaxDiskRead MaxDiskReadTask    AveDiskRead MaxDiskWrite MaxDiskWriteTask   AveDiskWrite 
------------ ------------ --------------- -------------- ------------ ---------------- -------------- 
17689743                                                                                              
17689743.ba+       11.40M               0         11.40M        0.00M                0          0.00M 
17689743.ex+        0.00M               0          0.00M            0                0              0 

Job 17689743 completed at Wed Aug 16 02:49:38 CEST 2023
