Starting job 17689751 on c2-19 at Wed Aug 16 02:58:46 CEST 2023

/cluster/projects/p805/software/anaconda3/envs/snipar_venv4/lib/python3.9/site-packages/snipar/pgs.py:552: DtypeWarning: Columns (0) have mixed types.Specify dtype option on import or set low_memory=False.
  alpha, alpha_cols = make_and_fit_model(y, pg, ['proband'], ibdrel_path=ibdrel_path, covariates=covariates, sparse_thresh=sparse_thresh)
/cluster/projects/p805/software/anaconda3/envs/snipar_venv4/lib/python3.9/site-packages/snipar/pgs.py:579: DtypeWarning: Columns (0) have mixed types.Specify dtype option on import or set low_memory=False.
  alpha, alpha_cols = make_and_fit_model(y, pg, pg_cols, ibdrel_path=ibdrel_path, covariates=covariates, sparse_thresh=sparse_thresh)
/cluster/projects/p805/software/anaconda3/envs/snipar_venv4/lib/python3.9/site-packages/snipar/pgs.py:607: DtypeWarning: Columns (0) have mixed types.Specify dtype option on import or set low_memory=False.
  alpha, alpha_cols = make_and_fit_model(y, pg, pg_cols, ibdrel_path=ibdrel_path, covariates=covariates, sparse_thresh=sparse_thresh)
/var/spool/slurmd/job17689751/slurm_script: line 23: 91163 Killed                  pgs.py EA4_3gen_res/ADHD_Demontis_2023_1 --pgs ADHD_Demontis_2023.pgs.txt --phenofile /cluster/projects/p805/snipar_pgs/data/pheno/five_ch_phenos_snipar.txt --phen_index 1 --gen_models 1-3 --scale_pgs --scale_phen --ibdrel_path grm/MoBaPsychGen_500k --sparse_thresh 0.05 --gparsum
slurmstepd: error: Detected 1 oom-kill event(s) in StepId=17689751.batch. Some of your processes may have been killed by the cgroup out-of-memory handler.

Task and CPU usage stats:
JobID           JobName  AllocCPUS   NTasks     MinCPU MinCPUTask     AveCPU    Elapsed ExitCode 
------------ ---------- ---------- -------- ---------- ---------- ---------- ---------- -------- 
17689751     ADHD_Demo+         15                                             02:49:11    0:125 
17689751.ba+      batch         15        1   19:28:04          0   19:28:04   02:49:11    0:125 
17689751.ex+     extern         15        1   00:00:00          0   00:00:00   02:49:11      0:0 

Memory usage stats:
JobID            MaxRSS MaxRSSTask     AveRSS MaxPages   MaxPagesTask   AvePages 
------------ ---------- ---------- ---------- -------- -------------- ---------- 
17689751                                                                         
17689751.ba+ 446428488K          0 446428488K        0              0          0 
17689751.ex+          0          0          0        0              0          0 

Disk usage stats:
JobID         MaxDiskRead MaxDiskReadTask    AveDiskRead MaxDiskWrite MaxDiskWriteTask   AveDiskWrite 
------------ ------------ --------------- -------------- ------------ ---------------- -------------- 
17689751                                                                                              
17689751.ba+       11.40M               0         11.40M        0.00M                0          0.00M 
17689751.ex+        0.00M               0          0.00M            0                0              0 

Job 17689751 completed at Wed Aug 16 05:47:58 CEST 2023
